{
  "stats": {
    "suites": 0,
    "tests": 0,
    "passes": 0,
    "pending": 0,
    "failures": 0,
    "start": "2026-06-15T09:02:33.273Z",
    "end": "2026-06-15T09:02:35.657Z",
    "duration": 2384,
    "testsRegistered": 32,
    "passPercent": 0,
    "pendingPercent": 0,
    "other": 1,
    "hasOther": true,
    "skipped": 32,
    "hasSkipped": true
  },
  "results": [
    {
      "uuid": "32509942-e97d-4187-b154-fcb4769716b9",
      "title": "",
      "fullFile": "",
      "file": "",
      "beforeHooks": [
        {
          "title": "\"before all\" hook in \"{root}\"",
          "fullTitle": "\"before all\" hook in \"{root}\"",
          "timedOut": false,
          "duration": 2287,
          "state": "failed",
          "speed": null,
          "pass": false,
          "fail": true,
          "pending": false,
          "context": null,
          "code": "this.timeout(180000);\nlogger.info('=== Starting Mobile Automation Test Suite ===');\n\ntry {\n  driver = await DriverFactory.createDriver();\n  this.driver = driver;\n  logger.info('Test driver injected successfully.');\n} catch (error) {\n  logger.error(`Base setup failure during driver creation: ${error.message}`);\n  throw error;\n}",
          "err": {
            "message": "Error: ECONNREFUSED connect ECONNREFUSED 127.0.0.1:4723",
            "estack": "Error: ECONNREFUSED connect ECONNREFUSED 127.0.0.1:4723\n    at ClientRequest.<anonymous> (node_modules\\selenium-webdriver\\http\\index.js:293:15)\n    at ClientRequest.emit (node:events:524:28)\n    at emitErrorEvent (node:_http_client:101:11)\n    at Socket.socketErrorListener (node:_http_client:504:5)\n    at Socket.emit (node:events:524:28)\n    at emitErrorNT (node:internal/streams/destroy:169:8)\n    at emitErrorCloseNT (node:internal/streams/destroy:128:3)\n    at process.processTicksAndRejections (node:internal/process/task_queues:82:21)",
            "diff": null
          },
          "uuid": "2ffbcf75-4f2d-4738-a08e-adb0f58d8a87",
          "parentUUID": "32509942-e97d-4187-b154-fcb4769716b9",
          "isHook": true,
          "skipped": false
        },
        {
          "title": "\"before each\" hook",
          "fullTitle": "\"before each\" hook",
          "timedOut": false,
          "duration": 0,
          "state": null,
          "speed": null,
          "pass": false,
          "fail": false,
          "pending": false,
          "context": null,
          "code": "testStartTime = Date.now();\nconst testName = this.currentTest ? this.currentTest.fullTitle() : 'Unknown';\nlogger.info(`>>> Running Test: ${testName}`);\nif (driver) {\n  try {\n    await driver.executeScript('mobile: activateApp', { appId: getAppPackage() });\n    await driver.sleep(750);\n  } catch (error) {\n    logger.warn(`App foreground check skipped: ${error.message}`);\n  }\n}\nglobalReporter.addLogRecord({\n  testName,\n  step: 'Test Init',\n  result: 'INFO',\n  remarks: 'Test started.'\n});",
          "err": {},
          "uuid": "5c309221-8faf-4364-b9e6-95db1cf1285b",
          "parentUUID": "32509942-e97d-4187-b154-fcb4769716b9",
          "isHook": true,
          "skipped": false
        }
      ],
      "afterHooks": [
        {
          "title": "\"after all\" hook in \"{root}\"",
          "fullTitle": "\"after all\" hook in \"{root}\"",
          "timedOut": false,
          "duration": 93,
          "state": null,
          "speed": null,
          "pass": false,
          "fail": false,
          "pending": false,
          "context": null,
          "code": "this.timeout(60000);\nlogger.info('=== Tearing Down Mobile Automation Test Suite ===');\n\nif (driver) {\n  try {\n    await driver.quit();\n    logger.info('Appium session closed.');\n  } catch (error) {\n    logger.error(`Failed to quit Appium driver: ${error.message}`);\n  }\n}\n// Generate the Excel Sheet and CSV Reports\ntry {\n  const device = process.env.DEVICE_NAME || 'Android Emulator';\n  const version = process.env.ANDROID_VERSION || '13';\n  await globalReporter.generateExcelReport(device, version);\n  await globalReporter.generateCSVReport();\n  await globalReporter.generateTestingLogsCSV(30);\n} catch (error) {\n  logger.error(`Failed to write Reports: ${error.message}`);\n}",
          "err": {},
          "uuid": "a2f141c9-eb49-4cc3-9d63-5871a13f225e",
          "parentUUID": "32509942-e97d-4187-b154-fcb4769716b9",
          "isHook": true,
          "skipped": false
        },
        {
          "title": "\"after each\" hook",
          "fullTitle": "\"after each\" hook",
          "timedOut": false,
          "duration": 0,
          "state": null,
          "speed": null,
          "pass": false,
          "fail": false,
          "pending": false,
          "context": null,
          "code": "const test = this.currentTest;\nconst testName = test ? test.fullTitle() : 'Unknown';\nconst duration = Date.now() - testStartTime;\nconst status = test.state === 'passed' ? 'Passed' : 'Failed';\n\nlogger.info(`<<< Finished Test: ${testName} | Status: ${status} | Duration: ${duration}ms`);\n// Log test outcome to Excel testcases sheet\nglobalReporter.addTestRecord({\n  testId: test.title.split(' ')[0] || `TC_${Date.now()}`,\n  module: test.parent ? test.parent.title : 'Global',\n  scenario: test.title,\n  device: process.env.DEVICE_NAME || 'Android Emulator',\n  status,\n  startTime: new Date(testStartTime),\n  endTime: new Date(),\n  duration\n});\nif (test.state === 'failed') {\n  logger.error(`Test FAILED: ${testName}`);\n  logger.error(`Reason: ${test.err.message}`);\n  const failureDir = path.resolve(__dirname, '../reports/failures');\n  if (!fs.existsSync(failureDir)) {\n    fs.mkdirSync(failureDir, { recursive: true });\n  }\n  const sanitizedName = testName.replace(/[^a-z0-9]/gi, '_').toLowerCase();\n  \n  // 1. Capture Screenshot\n  let screenshotPath = 'N/A';\n  try {\n    const screenshotData = await driver.takeScreenshot();\n    const filename = `${sanitizedName}_failed.png`;\n    const fullPath = path.join(failureDir, filename);\n    fs.writeFileSync(fullPath, screenshotData, 'base64');\n    screenshotPath = fullPath;\n    logger.info(`Screenshot captured: ${screenshotPath}`);\n  } catch (e) {\n    logger.error(`Failed to capture screenshot: ${e.message}`);\n  }\n  // 2. Capture Device Logs (logcat)\n  let logcatPath = 'N/A';\n  try {\n    // Use adb logcat to get recent logs\n    const udid = process.env.UDID ? `-s ${process.env.UDID} ` : '';\n    const logcatLogs = execSync(`adb ${udid}logcat -d -v time *:E`, { encoding: 'utf8' });\n    const filename = `${sanitizedName}_logcat.txt`;\n    const fullPath = path.join(failureDir, filename);\n    fs.writeFileSync(fullPath, logcatLogs);\n    logcatPath = fullPath;\n    logger.info(`Logcat logs captured: ${logcatPath}`);\n  } catch (e) {\n    logger.error(`Failed to capture logcat: ${e.message}`);\n  }\n  // 3. Get Current Activity\n  let activityName = 'N/A';\n  try {\n    activityName = await driver.getCurrentActivity();\n  } catch (e) {\n    try {\n      const udid = process.env.UDID ? `-s ${process.env.UDID} ` : '';\n      const adbFocus = execSync(`adb ${udid}shell dumpsys window`, { encoding: 'utf8' });\n      const focusLine = adbFocus\n        .split(/\\r?\\n/)\n        .find(line => line.includes('mCurrentFocus') || line.includes('mFocusedApp'));\n      activityName = focusLine ? focusLine.trim() : 'Unknown Activity';\n    } catch (e2) {\n      activityName = 'Unknown Activity';\n    }\n  }\n  logger.info(`Current Activity on failure: ${activityName}`);\n  // 4. Get XML Source Layout\n  try {\n    const xmlSource = await driver.getPageSource();\n    const filename = `${sanitizedName}_source.xml`;\n    fs.writeFileSync(path.join(failureDir, filename), xmlSource);\n  } catch (e) {\n    logger.error(`Failed to capture XML layout: ${e.message}`);\n  }\n  // Record failure details in Excel report\n  globalReporter.addFailureRecord({\n    testName,\n    reason: test.err.stack || test.err.message,\n    screenshotPath,\n    device: process.env.DEVICE_NAME || 'Android Emulator',\n    androidVersion: process.env.ANDROID_VERSION || '13',\n    activityName\n  });\n  globalReporter.addLogRecord({\n    testName,\n    step: 'Failure Teardown',\n    result: 'FAILED',\n    remarks: `Reason: ${test.err.message}. Screenshot saved to ${screenshotPath}`\n  });\n} else {\n  globalReporter.addLogRecord({\n    testName,\n    step: 'Success Teardown',\n    result: 'PASSED',\n    remarks: 'Test executed successfully.'\n  });\n}",
          "err": {},
          "uuid": "bc5e6e90-8f41-46eb-a562-4a2aafab1a88",
          "parentUUID": "32509942-e97d-4187-b154-fcb4769716b9",
          "isHook": true,
          "skipped": false
        }
      ],
      "tests": [],
      "suites": [
        {
          "uuid": "e8de9ce4-4917-4e0a-ba71-d65d0be7d8fe",
          "title": "SmartMenu Mobile Gestures Flow",
          "fullFile": "S:\\rest pdd\\appium-framework\\tests\\gestures.test.js",
          "file": "\\tests\\gestures.test.js",
          "beforeHooks": [
            {
              "title": "\"before all\" hook",
              "fullTitle": "SmartMenu Mobile Gestures Flow \"before all\" hook",
              "timedOut": false,
              "duration": 0,
              "state": null,
              "speed": null,
              "pass": false,
              "fail": false,
              "pending": false,
              "context": null,
              "code": "driver = getDriver();\ndashboardPage = new DashboardPage(driver);\n\nconst LoginPage = require('../pages/loginPage');\nconst loginPage = new LoginPage(driver);\nconst loggedOut = await loginPage.isLoggedOut();\nif (loggedOut) {\n  const email = process.env.TEST_EMAIL || 'madhuhawk79@gmail.com';\n  const password = process.env.TEST_PASSWORD || 'ikmdmad7';\n  await loginPage.login(email, password);\n}",
              "err": {},
              "uuid": "15747626-97c5-43ae-afe2-7a4cc2b45044",
              "parentUUID": null,
              "isHook": true,
              "skipped": false
            }
          ],
          "afterHooks": [],
          "tests": [
            {
              "title": "TC_27 Should perform scroll down actions on data list views",
              "fullTitle": "SmartMenu Mobile Gestures Flow TC_27 Should perform scroll down actions on data list views",
              "timedOut": false,
              "duration": 0,
              "state": null,
              "speed": null,
              "pass": false,
              "fail": false,
              "pending": false,
              "context": null,
              "code": "logger.info('Running TC_27: Vertical scroll gestures check');\nawait dashboardPage.navigateToTab('Menu');\n\n// Perform scroll gesture downwards on the screen\nawait Gestures.swipeUp(driver); // swipe up scrolls page down\nawait dashboardPage.sleep(2000);\n\nawait dashboardPage.assertAppReady('Vertical scroll gesture screen');",
              "err": {},
              "uuid": "03099b2a-ef0a-44be-8249-9bb030f5a35d",
              "parentUUID": null,
              "isHook": false,
              "skipped": true
            },
            {
              "title": "TC_28 Should swipe horizontally to switch navigation contexts",
              "fullTitle": "SmartMenu Mobile Gestures Flow TC_28 Should swipe horizontally to switch navigation contexts",
              "timedOut": false,
              "duration": 0,
              "state": null,
              "speed": null,
              "pass": false,
              "fail": false,
              "pending": false,
              "context": null,
              "code": "logger.info('Running TC_28: Horizontal swipe gesture');\nawait dashboardPage.navigateToTab('Dashboard');\n\n// Swipe left/right to trigger transitions if configured, or check boundary swipe\nawait Gestures.swipeLeft(driver);\nawait dashboardPage.sleep(2000);\nawait Gestures.swipeRight(driver);\nawait dashboardPage.sleep(2000);\n\nawait dashboardPage.assertAppReady('Horizontal swipe gesture screen');",
              "err": {},
              "uuid": "67a64246-3a56-49eb-9795-5ba7c6c2e96b",
              "parentUUID": null,
              "isHook": false,
              "skipped": true
            },
            {
              "title": "TC_29 Should perform a long press gesture on dashboard metrics cards",
              "fullTitle": "SmartMenu Mobile Gestures Flow TC_29 Should perform a long press gesture on dashboard metrics cards",
              "timedOut": false,
              "duration": 0,
              "state": null,
              "speed": null,
              "pass": false,
              "fail": false,
              "pending": false,
              "context": null,
              "code": "logger.info('Running TC_29: Long press gesture execution');\nawait dashboardPage.navigateToTab('Dashboard');\n\n// Perform long press gesture on dashboard center area (approx x=500, y=500 on 1000x1000 screen)\nconst coordinates = await dashboardPage.getCoordinates(0.5, 0.5);\n\nawait Gestures.longPressAtCoordinates(driver, coordinates.x, coordinates.y, 2000);\nawait dashboardPage.sleep(1500);\n\nawait dashboardPage.assertAppReady('Long press gesture screen');",
              "err": {},
              "uuid": "d4391fa9-ed2e-4411-a01d-4ffe2b12a559",
              "parentUUID": null,
              "isHook": false,
              "skipped": true
            }
          ],
          "suites": [],
          "passes": [],
          "failures": [],
          "pending": [],
          "skipped": [
            "03099b2a-ef0a-44be-8249-9bb030f5a35d",
            "67a64246-3a56-49eb-9795-5ba7c6c2e96b",
            "d4391fa9-ed2e-4411-a01d-4ffe2b12a559"
          ],
          "duration": 0,
          "root": false,
          "rootEmpty": false,
          "_timeout": 120000
        },
        {
          "uuid": "7782802a-a99d-43d0-8dee-b5908cc16006",
          "title": "SmartMenu Authentication Flow",
          "fullFile": "S:\\rest pdd\\appium-framework\\tests\\login.test.js",
          "file": "\\tests\\login.test.js",
          "beforeHooks": [
            {
              "title": "\"before all\" hook",
              "fullTitle": "SmartMenu Authentication Flow \"before all\" hook",
              "timedOut": false,
              "duration": 0,
              "state": null,
              "speed": null,
              "pass": false,
              "fail": false,
              "pending": false,
              "context": null,
              "code": "driver = getDriver();\nloginPage = new LoginPage(driver);\ndashboardPage = new DashboardPage(driver);\nawait driver.executeScript('mobile: activateApp', { appId: getAppPackage() });\nawait loginPage.sleep(1000);\nconst loggedOut = await loginPage.isLoggedOut();\nif (!loggedOut) {\n  await dashboardPage.logout().catch(err => {\n    logger.warn(`Initial auth-suite logout skipped: ${err.message}`);\n  });\n}",
              "err": {},
              "uuid": "a58b4c42-0056-43fd-bda9-270259a29b45",
              "parentUUID": null,
              "isHook": true,
              "skipped": false
            }
          ],
          "afterHooks": [],
          "tests": [
            {
              "title": "TC_01 Should fail to login with empty credentials",
              "fullTitle": "SmartMenu Authentication Flow TC_01 Should fail to login with empty credentials",
              "timedOut": false,
              "duration": 0,
              "state": null,
              "speed": null,
              "pass": false,
              "fail": false,
              "pending": false,
              "context": null,
              "code": "logger.info('Running TC_01: Empty credentials validation');\n\n// Relaunch or open web page inside WebView if needed, or wait\nawait loginPage.sleep(5000); \n\n// Clear first to be sure\nawait loginPage.clearInputs();\n\n// Tap login button\nawait loginPage.clickLogin();\n\n// Take a screenshot to inspect warning\nconst screenshotDir = path.resolve(__dirname, '../reports/screenshots');\nif (!fs.existsSync(screenshotDir)) {\n  fs.mkdirSync(screenshotDir, { recursive: true });\n}\nconst screenshotPath = path.join(screenshotDir, 'login_empty_error.png');\nfs.writeFileSync(screenshotPath, await driver.takeScreenshot(), 'base64');\n\nawait loginPage.assertAppReady('Empty credentials validation screen');",
              "err": {},
              "uuid": "e925477d-813c-4d55-b7a9-01596b42d1c6",
              "parentUUID": null,
              "isHook": false,
              "skipped": true
            },
            {
              "title": "TC_02 Should fail to login with invalid credentials",
              "fullTitle": "SmartMenu Authentication Flow TC_02 Should fail to login with invalid credentials",
              "timedOut": false,
              "duration": 0,
              "state": null,
              "speed": null,
              "pass": false,
              "fail": false,
              "pending": false,
              "context": null,
              "code": "logger.info('Running TC_02: Invalid credentials validation');\n\nawait loginPage.clearInputs();\nawait loginPage.enterEmail('wronguser@domain.com');\nawait loginPage.enterPassword('wrongpassword');\nawait loginPage.clickLogin();\n\nconst screenshotPath = path.join(path.resolve(__dirname, '../reports/screenshots'), 'login_invalid_error.png');\nfs.writeFileSync(screenshotPath, await driver.takeScreenshot(), 'base64');\n\nawait loginPage.assertAppReady('Invalid credentials validation screen');",
              "err": {},
              "uuid": "0c2de005-b993-4783-94b3-b192c0206024",
              "parentUUID": null,
              "isHook": false,
              "skipped": true
            },
            {
              "title": "TC_03 Should login successfully with valid credentials",
              "fullTitle": "SmartMenu Authentication Flow TC_03 Should login successfully with valid credentials",
              "timedOut": false,
              "duration": 0,
              "state": null,
              "speed": null,
              "pass": false,
              "fail": false,
              "pending": false,
              "context": null,
              "code": "logger.info('Running TC_03: Valid credentials login');\n\nconst email = process.env.TEST_EMAIL || 'madhuhawk79@gmail.com';\nconst password = process.env.TEST_PASSWORD || 'ikmdmad7';\n\nawait loginPage.clearInputs();\nawait loginPage.login(email, password);\n\n// Verify landing on Dashboard\nconst screenshotPath = path.join(path.resolve(__dirname, '../reports/screenshots'), 'login_success.png');\nfs.writeFileSync(screenshotPath, await driver.takeScreenshot(), 'base64');\n\nawait dashboardPage.assertAppReady('Successful login dashboard screen');\nlogger.info('Login validation successful.');",
              "err": {},
              "uuid": "f4d2492b-c252-4c59-ae36-c75870a4cb3d",
              "parentUUID": null,
              "isHook": false,
              "skipped": true
            },
            {
              "title": "TC_04 Should logout successfully",
              "fullTitle": "SmartMenu Authentication Flow TC_04 Should logout successfully",
              "timedOut": false,
              "duration": 0,
              "state": null,
              "speed": null,
              "pass": false,
              "fail": false,
              "pending": false,
              "context": null,
              "code": "logger.info('Running TC_04: Logout flow');\n\nawait dashboardPage.logout();\n\nconst screenshotPath = path.join(path.resolve(__dirname, '../reports/screenshots'), 'logout_success.png');\nfs.writeFileSync(screenshotPath, await driver.takeScreenshot(), 'base64');\n\nawait loginPage.assertAppReady('Logout result screen');\nlogger.info('Logout validation successful.');",
              "err": {},
              "uuid": "65961031-1f8c-4d09-ba78-51b6e23072c6",
              "parentUUID": null,
              "isHook": false,
              "skipped": true
            },
            {
              "title": "TC_05 Should handle session persistence on app relaunch",
              "fullTitle": "SmartMenu Authentication Flow TC_05 Should handle session persistence on app relaunch",
              "timedOut": false,
              "duration": 0,
              "state": null,
              "speed": null,
              "pass": false,
              "fail": false,
              "pending": false,
              "context": null,
              "code": "logger.info('Running TC_05: Session persistence validation');\n\n// Login again first\nconst email = process.env.TEST_EMAIL || 'madhuhawk79@gmail.com';\nconst password = process.env.TEST_PASSWORD || 'ikmdmad7';\nawait loginPage.login(email, password);\n\nlogger.info('Relaunching application to test session persistence...');\n// Terminate and relaunch app\nconst appPackage = getAppPackage();\ntry {\n  await driver.executeScript('mobile: terminateApp', { appId: appPackage });\n  await driver.sleep(2000);\n  await driver.executeScript('mobile: activateApp', { appId: appPackage });\n  await driver.sleep(6000);\n} catch (err) {\n  logger.warn(`Native App Relaunch script not supported, performing navigate refresh instead: ${err.message}`);\n  // Fallback: navigate refresh or reset\n  await driver.navigate().refresh();\n  await driver.sleep(6000);\n}\nconst screenshotPath = path.join(path.resolve(__dirname, '../reports/screenshots'), 'session_persistence.png');\nfs.writeFileSync(screenshotPath, await driver.takeScreenshot(), 'base64');\nawait dashboardPage.waitForAppReady('Session persistence relaunch screen', 45000);\nlogger.info('Session persistence check completed.');\nawait dashboardPage.logout().catch(err => {\n  logger.warn(`Post-session-persistence logout cleanup skipped: ${err.message}`);\n});",
              "err": {},
              "uuid": "7f5f54aa-0cb8-4970-ad37-420a07b033d1",
              "parentUUID": null,
              "isHook": false,
              "skipped": true
            },
            {
              "title": "TC_06 Should validate required email/password fields are enforced",
              "fullTitle": "SmartMenu Authentication Flow TC_06 Should validate required email/password fields are enforced",
              "timedOut": false,
              "duration": 0,
              "state": null,
              "speed": null,
              "pass": false,
              "fail": false,
              "pending": false,
              "context": null,
              "code": "logger.info('Running TC_06: Required field checking');\n// Ensure we are logged out\nconst loggedOut = await dashboardPage.isLoggedOut();\nif (!loggedOut) {\n  await dashboardPage.logout().catch(() => {});\n}\nawait loginPage.clearInputs();\n\n// Enter email but leave password blank\nawait loginPage.enterEmail('madhuhawk79@gmail.com');\nawait loginPage.clickLogin();\n\nawait loginPage.assertAppReady('Required password validation screen');",
              "err": {},
              "uuid": "8b3a5cc9-31ca-4b37-9c5a-66240cdd4c21",
              "parentUUID": null,
              "isHook": false,
              "skipped": true
            },
            {
              "title": "TC_07 Should reject malformed email formats during input validation",
              "fullTitle": "SmartMenu Authentication Flow TC_07 Should reject malformed email formats during input validation",
              "timedOut": false,
              "duration": 0,
              "state": null,
              "speed": null,
              "pass": false,
              "fail": false,
              "pending": false,
              "context": null,
              "code": "logger.info('Running TC_07: Email format regex checking');\nawait loginPage.clearInputs();\n\n// Type malformed email and valid password\nawait loginPage.enterEmail('bademailformat.com');\nawait loginPage.enterPassword('ikmdmad7');\nawait loginPage.clickLogin();\n\nawait loginPage.assertAppReady('Malformed email validation screen');",
              "err": {},
              "uuid": "0bb3b3ae-2377-4e99-85ad-4e0360d7a629",
              "parentUUID": null,
              "isHook": false,
              "skipped": true
            },
            {
              "title": "TC_08 Should validate phone boundary formats under profile/forms",
              "fullTitle": "SmartMenu Authentication Flow TC_08 Should validate phone boundary formats under profile/forms",
              "timedOut": false,
              "duration": 0,
              "state": null,
              "speed": null,
              "pass": false,
              "fail": false,
              "pending": false,
              "context": null,
              "code": "logger.info('Running TC_08: Phone format boundary checking');\nawait loginPage.clearInputs();\n// We type an invalid phone pattern to verify text field handling\nawait loginPage.enterEmail('123-abc-789');\nawait loginPage.enterPassword('password123');\nawait loginPage.clickLogin();\n\nawait loginPage.assertAppReady('Phone boundary validation screen');",
              "err": {},
              "uuid": "73365f7c-7a4a-4e71-886f-c1c056950b6b",
              "parentUUID": null,
              "isHook": false,
              "skipped": true
            },
            {
              "title": "TC_09 Should reject weak passwords during validation checks",
              "fullTitle": "SmartMenu Authentication Flow TC_09 Should reject weak passwords during validation checks",
              "timedOut": false,
              "duration": 0,
              "state": null,
              "speed": null,
              "pass": false,
              "fail": false,
              "pending": false,
              "context": null,
              "code": "logger.info('Running TC_09: Weak password check');\nawait loginPage.clearInputs();\n\n// Type simple password\nawait loginPage.enterEmail('madhuhawk79@gmail.com');\nawait loginPage.enterPassword('123');\nawait loginPage.clickLogin();\n\nawait loginPage.assertAppReady('Weak password validation screen');",
              "err": {},
              "uuid": "241df0d3-667d-4f76-91fe-15229c3e321b",
              "parentUUID": null,
              "isHook": false,
              "skipped": true
            },
            {
              "title": "TC_10 Should respect character length boundaries on credentials input",
              "fullTitle": "SmartMenu Authentication Flow TC_10 Should respect character length boundaries on credentials input",
              "timedOut": false,
              "duration": 0,
              "state": null,
              "speed": null,
              "pass": false,
              "fail": false,
              "pending": false,
              "context": null,
              "code": "logger.info('Running TC_10: Maximum length stress test');\nawait loginPage.clearInputs();\n\nconst longString = 'a'.repeat(80); // Inject long input\nawait loginPage.enterEmail(longString);\nawait loginPage.enterPassword('ikmdmad7');\nawait loginPage.clickLogin();\n\nawait loginPage.assertAppReady('Credential length validation screen');",
              "err": {},
              "uuid": "16eb4497-f949-49a1-9758-b287fe3c4447",
              "parentUUID": null,
              "isHook": false,
              "skipped": true
            }
          ],
          "suites": [],
          "passes": [],
          "failures": [],
          "pending": [],
          "skipped": [
            "e925477d-813c-4d55-b7a9-01596b42d1c6",
            "0c2de005-b993-4783-94b3-b192c0206024",
            "f4d2492b-c252-4c59-ae36-c75870a4cb3d",
            "65961031-1f8c-4d09-ba78-51b6e23072c6",
            "7f5f54aa-0cb8-4970-ad37-420a07b033d1",
            "8b3a5cc9-31ca-4b37-9c5a-66240cdd4c21",
            "0bb3b3ae-2377-4e99-85ad-4e0360d7a629",
            "73365f7c-7a4a-4e71-886f-c1c056950b6b",
            "241df0d3-667d-4f76-91fe-15229c3e321b",
            "16eb4497-f949-49a1-9758-b287fe3c4447"
          ],
          "duration": 0,
          "root": false,
          "rootEmpty": false,
          "_timeout": 120000
        },
        {
          "uuid": "3d0380c3-1baa-4cca-bc3c-d7e0dc69a35f",
          "title": "SmartMenu Navigation & Operations Flow",
          "fullFile": "S:\\rest pdd\\appium-framework\\tests\\navigation.test.js",
          "file": "\\tests\\navigation.test.js",
          "beforeHooks": [
            {
              "title": "\"before all\" hook",
              "fullTitle": "SmartMenu Navigation & Operations Flow \"before all\" hook",
              "timedOut": false,
              "duration": 0,
              "state": null,
              "speed": null,
              "pass": false,
              "fail": false,
              "pending": false,
              "context": null,
              "code": "driver = getDriver();\ndashboardPage = new DashboardPage(driver);\n\nconst LoginPage = require('../pages/loginPage');\nconst loginPage = new LoginPage(driver);\nconst loggedOut = await loginPage.isLoggedOut();\nif (loggedOut) {\n  const email = process.env.TEST_EMAIL || 'madhuhawk79@gmail.com';\n  const password = process.env.TEST_PASSWORD || 'ikmdmad7';\n  await loginPage.login(email, password);\n}",
              "err": {},
              "uuid": "01329d61-4f69-4fa1-a06f-ad13bc2c1509",
              "parentUUID": null,
              "isHook": true,
              "skipped": false
            }
          ],
          "afterHooks": [],
          "tests": [
            {
              "title": "TC_11 Should successfully navigate through all bottom tabs",
              "fullTitle": "SmartMenu Navigation & Operations Flow TC_11 Should successfully navigate through all bottom tabs",
              "timedOut": false,
              "duration": 0,
              "state": null,
              "speed": null,
              "pass": false,
              "fail": false,
              "pending": false,
              "context": null,
              "code": "logger.info('Running TC_11: Bottom tabs navigation check');\nconst tabsToVerify = ['Dashboard', 'Menu', 'Sales', 'Analytics', 'Waste'];\nconst screenshotDir = path.resolve(__dirname, '../reports/screenshots');\n\nif (!fs.existsSync(screenshotDir)) {\n  fs.mkdirSync(screenshotDir, { recursive: true });\n}\nfor (const tab of tabsToVerify) {\n  const startTime = Date.now();\n  await dashboardPage.navigateToTab(tab);\n  const loadTime = Date.now() - startTime;\n  \n  logger.info(`Tab ${tab} loaded in ${loadTime}ms`);\n  \n  const screenshotPath = path.join(screenshotDir, `nav_${tab.toLowerCase()}.png`);\n  fs.writeFileSync(screenshotPath, await driver.takeScreenshot(), 'base64');\n  \n  await dashboardPage.assertAppReady(`${tab} tab screen`);\n}",
              "err": {},
              "uuid": "7565d415-cf67-437f-aae3-1c7404d287d6",
              "parentUUID": null,
              "isHook": false,
              "skipped": true
            },
            {
              "title": "TC_12 Should successfully record a new sale transaction",
              "fullTitle": "SmartMenu Navigation & Operations Flow TC_12 Should successfully record a new sale transaction",
              "timedOut": false,
              "duration": 0,
              "state": null,
              "speed": null,
              "pass": false,
              "fail": false,
              "pending": false,
              "context": null,
              "code": "logger.info('Running TC_12: Record sale transaction CRUD flow');\n\n// Navigate and open Sales entry card\nawait dashboardPage.openSalesDialog();\n\n// Record sale\nconst today = new Date().toISOString().split('T')[0];\nawait dashboardPage.recordSale(today, '25');\n\nconst screenshotPath = path.join(path.resolve(__dirname, '../reports/screenshots'), 'sales_submitted.png');\nfs.writeFileSync(screenshotPath, await driver.takeScreenshot(), 'base64');\n\nlogger.info('Sale record submitted.');",
              "err": {},
              "uuid": "5091c9f4-c73d-4b15-a2e7-375983c6d692",
              "parentUUID": null,
              "isHook": false,
              "skipped": true
            },
            {
              "title": "TC_13 Should navigate to Dashboard view successfully",
              "fullTitle": "SmartMenu Navigation & Operations Flow TC_13 Should navigate to Dashboard view successfully",
              "timedOut": false,
              "duration": 0,
              "state": null,
              "speed": null,
              "pass": false,
              "fail": false,
              "pending": false,
              "context": null,
              "code": "logger.info('Running TC_13: Verify Dashboard Tab routing');\nawait dashboardPage.navigateToTab('Dashboard');\nawait dashboardPage.assertAppReady('Dashboard tab screen');",
              "err": {},
              "uuid": "42fdee7d-5817-40f0-8b79-25e60b32d6a9",
              "parentUUID": null,
              "isHook": false,
              "skipped": true
            },
            {
              "title": "TC_14 Should navigate to Menu view successfully",
              "fullTitle": "SmartMenu Navigation & Operations Flow TC_14 Should navigate to Menu view successfully",
              "timedOut": false,
              "duration": 0,
              "state": null,
              "speed": null,
              "pass": false,
              "fail": false,
              "pending": false,
              "context": null,
              "code": "logger.info('Running TC_14: Verify Menu Tab routing');\nawait dashboardPage.navigateToTab('Menu');\nawait dashboardPage.assertAppReady('Menu tab screen');",
              "err": {},
              "uuid": "38862a26-e2ee-4611-a8e0-acd0b109fcfe",
              "parentUUID": null,
              "isHook": false,
              "skipped": true
            },
            {
              "title": "TC_15 Should navigate to Sales view successfully",
              "fullTitle": "SmartMenu Navigation & Operations Flow TC_15 Should navigate to Sales view successfully",
              "timedOut": false,
              "duration": 0,
              "state": null,
              "speed": null,
              "pass": false,
              "fail": false,
              "pending": false,
              "context": null,
              "code": "logger.info('Running TC_15: Verify Sales Tab routing');\nawait dashboardPage.navigateToTab('Sales');\nawait dashboardPage.assertAppReady('Sales tab screen');",
              "err": {},
              "uuid": "f58c2d7b-57ee-43ef-afdd-2bb03d63a748",
              "parentUUID": null,
              "isHook": false,
              "skipped": true
            },
            {
              "title": "TC_16 Should navigate to Analytics view successfully",
              "fullTitle": "SmartMenu Navigation & Operations Flow TC_16 Should navigate to Analytics view successfully",
              "timedOut": false,
              "duration": 0,
              "state": null,
              "speed": null,
              "pass": false,
              "fail": false,
              "pending": false,
              "context": null,
              "code": "logger.info('Running TC_16: Verify Analytics Tab routing');\nawait dashboardPage.navigateToTab('Analytics');\nawait dashboardPage.assertAppReady('Analytics tab screen');",
              "err": {},
              "uuid": "8c9a5f12-1593-4e14-a733-bce7e1205ea7",
              "parentUUID": null,
              "isHook": false,
              "skipped": true
            },
            {
              "title": "TC_17 Should navigate to Waste view successfully",
              "fullTitle": "SmartMenu Navigation & Operations Flow TC_17 Should navigate to Waste view successfully",
              "timedOut": false,
              "duration": 0,
              "state": null,
              "speed": null,
              "pass": false,
              "fail": false,
              "pending": false,
              "context": null,
              "code": "logger.info('Running TC_17: Verify Waste Tab routing');\nawait dashboardPage.navigateToTab('Waste');\nawait dashboardPage.assertAppReady('Waste tab screen');",
              "err": {},
              "uuid": "8078065c-36d2-42c7-adcc-2e2a27aeecb8",
              "parentUUID": null,
              "isHook": false,
              "skipped": true
            },
            {
              "title": "TC_18 Should toggle navigation drawer menu",
              "fullTitle": "SmartMenu Navigation & Operations Flow TC_18 Should toggle navigation drawer menu",
              "timedOut": false,
              "duration": 0,
              "state": null,
              "speed": null,
              "pass": false,
              "fail": false,
              "pending": false,
              "context": null,
              "code": "logger.info('Running TC_18: Side drawer toggle');\n// Open drawer\nawait dashboardPage.tapRatio(dashboardPage.menuDrawerRatio.x, dashboardPage.menuDrawerRatio.y);\nawait dashboardPage.sleep(1500);\n// Close drawer by tapping outside\nawait dashboardPage.tapRatio(0.9, 0.5);\nawait dashboardPage.sleep(1000);\nawait dashboardPage.assertAppReady('Navigation drawer screen');",
              "err": {},
              "uuid": "7ff09b35-6572-408f-b554-37e08625c6ed",
              "parentUUID": null,
              "isHook": false,
              "skipped": true
            },
            {
              "title": "TC_19 Should handle native back button navigation",
              "fullTitle": "SmartMenu Navigation & Operations Flow TC_19 Should handle native back button navigation",
              "timedOut": false,
              "duration": 0,
              "state": null,
              "speed": null,
              "pass": false,
              "fail": false,
              "pending": false,
              "context": null,
              "code": "logger.info('Running TC_19: Native back navigation routing');\nawait dashboardPage.navigateToTab('Menu');\nawait dashboardPage.navigateToTab('Analytics');\n\n// Send back command to return to Menu\nawait driver.navigate().back();\nawait dashboardPage.sleep(2000);\nawait driver.executeScript('mobile: activateApp', { appId: getAppPackage() });\nawait dashboardPage.sleep(2000);\n\nawait dashboardPage.waitForAppReady('Back button recovery screen', 45000);",
              "err": {},
              "uuid": "061745e8-9188-4ab2-903b-e0d08bb4d7f9",
              "parentUUID": null,
              "isHook": false,
              "skipped": true
            },
            {
              "title": "TC_20 Should verify direct tab navigation transitions",
              "fullTitle": "SmartMenu Navigation & Operations Flow TC_20 Should verify direct tab navigation transitions",
              "timedOut": false,
              "duration": 0,
              "state": null,
              "speed": null,
              "pass": false,
              "fail": false,
              "pending": false,
              "context": null,
              "code": "logger.info('Running TC_20: Direct tab transitions speed');\nconst start = Date.now();\nawait dashboardPage.navigateToTab('Dashboard');\nconst duration = Date.now() - start;\nlogger.info(`Dashboard tab direct transition took ${duration}ms`);\nexpect(duration).to.be.lessThan(15000); // must transition within 15 seconds",
              "err": {},
              "uuid": "378a217f-01a4-4349-a0ef-f94c9dcda7d4",
              "parentUUID": null,
              "isHook": false,
              "skipped": true
            }
          ],
          "suites": [],
          "passes": [],
          "failures": [],
          "pending": [],
          "skipped": [
            "7565d415-cf67-437f-aae3-1c7404d287d6",
            "5091c9f4-c73d-4b15-a2e7-375983c6d692",
            "42fdee7d-5817-40f0-8b79-25e60b32d6a9",
            "38862a26-e2ee-4611-a8e0-acd0b109fcfe",
            "f58c2d7b-57ee-43ef-afdd-2bb03d63a748",
            "8c9a5f12-1593-4e14-a733-bce7e1205ea7",
            "8078065c-36d2-42c7-adcc-2e2a27aeecb8",
            "7ff09b35-6572-408f-b554-37e08625c6ed",
            "061745e8-9188-4ab2-903b-e0d08bb4d7f9",
            "378a217f-01a4-4349-a0ef-f94c9dcda7d4"
          ],
          "duration": 0,
          "root": false,
          "rootEmpty": false,
          "_timeout": 180000
        },
        {
          "uuid": "5054a579-1b42-46fa-96d5-fd9268616a4f",
          "title": "SmartMenu E2E Performance Benchmarking Flow",
          "fullFile": "S:\\rest pdd\\appium-framework\\tests\\performance.test.js",
          "file": "\\tests\\performance.test.js",
          "beforeHooks": [
            {
              "title": "\"before all\" hook",
              "fullTitle": "SmartMenu E2E Performance Benchmarking Flow \"before all\" hook",
              "timedOut": false,
              "duration": 0,
              "state": null,
              "speed": null,
              "pass": false,
              "fail": false,
              "pending": false,
              "context": null,
              "code": "driver = getDriver();\ndashboardPage = new DashboardPage(driver);",
              "err": {},
              "uuid": "f0924285-c717-4709-b8fb-04cb488106ff",
              "parentUUID": null,
              "isHook": true,
              "skipped": false
            }
          ],
          "afterHooks": [],
          "tests": [
            {
              "title": "TC_30 Should benchmark application session startup latency",
              "fullTitle": "SmartMenu E2E Performance Benchmarking Flow TC_30 Should benchmark application session startup latency",
              "timedOut": false,
              "duration": 0,
              "state": null,
              "speed": null,
              "pass": false,
              "fail": false,
              "pending": false,
              "context": null,
              "code": "logger.info('Running TC_30: Application session initialization latency benchmark');\n// Start timing\nconst start = Date.now();\n\n// Trigger terminal relaunch or navigation refresh to simulate reload\nawait driver.navigate().refresh().catch(() => {});\nawait dashboardPage.sleep(5000);\n\nconst loadTime = Date.now() - start;\nlogger.info(`Cold startup / refresh simulation completed in ${loadTime}ms`);\nexpect(loadTime).to.be.lessThan(25000); // threshold check",
              "err": {},
              "uuid": "51e7e084-79dd-4a03-9be4-6748b321c89c",
              "parentUUID": null,
              "isHook": false,
              "skipped": true
            },
            {
              "title": "TC_31 Should benchmark transition screen load latency for Analytics tab data",
              "fullTitle": "SmartMenu E2E Performance Benchmarking Flow TC_31 Should benchmark transition screen load latency for Analytics tab data",
              "timedOut": false,
              "duration": 0,
              "state": null,
              "speed": null,
              "pass": false,
              "fail": false,
              "pending": false,
              "context": null,
              "code": "logger.info('Running TC_31: Analytics view transition latency benchmark');\n\nconst start = Date.now();\nawait dashboardPage.navigateToTab('Analytics');\nconst duration = Date.now() - start;\n\nlogger.info(`Analytics view data render completed in ${duration}ms`);\nexpect(duration).to.be.lessThan(15000);",
              "err": {},
              "uuid": "2424f941-4af7-4ce6-b7c0-f8207430772e",
              "parentUUID": null,
              "isHook": false,
              "skipped": true
            },
            {
              "title": "TC_32 Should stress-test system responsiveness under rapid consecutive clicks",
              "fullTitle": "SmartMenu E2E Performance Benchmarking Flow TC_32 Should stress-test system responsiveness under rapid consecutive clicks",
              "timedOut": false,
              "duration": 0,
              "state": null,
              "speed": null,
              "pass": false,
              "fail": false,
              "pending": false,
              "context": null,
              "code": "logger.info('Running TC_32: Stress-test responsiveness limits');\nconst start = Date.now();\n\n// Rapidly switch tabs (Dashboard -> Menu -> Sales -> Waste) with very brief sleep\nawait dashboardPage.navigateToTab('Dashboard');\nawait dashboardPage.sleep(500);\nawait dashboardPage.navigateToTab('Menu');\nawait dashboardPage.sleep(500);\nawait dashboardPage.navigateToTab('Sales');\nawait dashboardPage.sleep(500);\nawait dashboardPage.navigateToTab('Waste');\n\nconst totalDuration = Date.now() - start;\nlogger.info(`Rapid stress navigation switches finished in ${totalDuration}ms`);\nexpect(totalDuration).to.be.lessThan(30000);",
              "err": {},
              "uuid": "24e8a6e6-32ce-43b8-8c07-312307a6671a",
              "parentUUID": null,
              "isHook": false,
              "skipped": true
            }
          ],
          "suites": [],
          "passes": [],
          "failures": [],
          "pending": [],
          "skipped": [
            "51e7e084-79dd-4a03-9be4-6748b321c89c",
            "2424f941-4af7-4ce6-b7c0-f8207430772e",
            "24e8a6e6-32ce-43b8-8c07-312307a6671a"
          ],
          "duration": 0,
          "root": false,
          "rootEmpty": false,
          "_timeout": 120000
        },
        {
          "uuid": "e48af1e5-80fa-4c67-8853-294203853191",
          "title": "SmartMenu UI Widgets & Interactive Elements Flow",
          "fullFile": "S:\\rest pdd\\appium-framework\\tests\\ui.test.js",
          "file": "\\tests\\ui.test.js",
          "beforeHooks": [
            {
              "title": "\"before all\" hook",
              "fullTitle": "SmartMenu UI Widgets & Interactive Elements Flow \"before all\" hook",
              "timedOut": false,
              "duration": 0,
              "state": null,
              "speed": null,
              "pass": false,
              "fail": false,
              "pending": false,
              "context": null,
              "code": "driver = getDriver();\nloginPage = new LoginPage(driver);\ndashboardPage = new DashboardPage(driver);\nawait driver.executeScript('mobile: activateApp', { appId: getAppPackage() });\nawait dashboardPage.sleep(1000);\n\nconst loggedOut = await loginPage.isLoggedOut();\nif (loggedOut) {\n  const email = process.env.TEST_EMAIL || 'madhuhawk79@gmail.com';\n  const password = process.env.TEST_PASSWORD || 'ikmdmad7';\n  await loginPage.login(email, password);\n}",
              "err": {},
              "uuid": "98f54bc9-f439-46c9-a01d-28ec6deb6447",
              "parentUUID": null,
              "isHook": true,
              "skipped": false
            }
          ],
          "afterHooks": [],
          "tests": [
            {
              "title": "TC_21 Should check login button state during validation flows",
              "fullTitle": "SmartMenu UI Widgets & Interactive Elements Flow TC_21 Should check login button state during validation flows",
              "timedOut": false,
              "duration": 0,
              "state": null,
              "speed": null,
              "pass": false,
              "fail": false,
              "pending": false,
              "context": null,
              "code": "logger.info('Running TC_21: Login button validation state');\nconst loggedOut = await loginPage.isLoggedOut();\nif (!loggedOut) {\n  await dashboardPage.logout().catch(err => {\n    logger.warn(`UI login-button validation logout skipped: ${err.message}`);\n  });\n}\nawait loginPage.clearInputs();\n\n// Attempt login, confirm session remains on login page\nawait loginPage.clickLogin();\nawait loginPage.assertAppReady('Login button validation screen');",
              "err": {},
              "uuid": "e0318fed-52ff-47b7-8ab0-942e995d4d51",
              "parentUUID": null,
              "isHook": false,
              "skipped": true
            },
            {
              "title": "TC_22 Should toggle password text visibility mask",
              "fullTitle": "SmartMenu UI Widgets & Interactive Elements Flow TC_22 Should toggle password text visibility mask",
              "timedOut": false,
              "duration": 0,
              "state": null,
              "speed": null,
              "pass": false,
              "fail": false,
              "pending": false,
              "context": null,
              "code": "logger.info('Running TC_22: Password mask eye toggle check');\n// Eye icon is typically on the right side of the password field (approx x=0.6, y=0.72)\nconst eyeIconRatio = { x: 0.6, y: 0.72 };\nawait loginPage.tapRatio(eyeIconRatio.x, eyeIconRatio.y);\nawait loginPage.sleep(1000);\n\nawait loginPage.assertAppReady('Password visibility toggle screen');",
              "err": {},
              "uuid": "e26453ec-cc2d-4e62-a437-b34f9bb39d24",
              "parentUUID": null,
              "isHook": false,
              "skipped": true
            },
            {
              "title": "TC_23 Should verify dropdown items populate during data insertion",
              "fullTitle": "SmartMenu UI Widgets & Interactive Elements Flow TC_23 Should verify dropdown items populate during data insertion",
              "timedOut": false,
              "duration": 0,
              "state": null,
              "speed": null,
              "pass": false,
              "fail": false,
              "pending": false,
              "context": null,
              "code": "logger.info('Running TC_23: Dropdown list verification');\nconst loggedOut = await loginPage.isLoggedOut();\nif (loggedOut) {\n  const email = process.env.TEST_EMAIL || 'madhuhawk79@gmail.com';\n  const password = process.env.TEST_PASSWORD || 'ikmdmad7';\n  await loginPage.login(email, password);\n}\n\n// Navigate to Sales and open dialog\nawait dashboardPage.openSalesDialog();\n\n// Tap dropdown to trigger overlay selection\nawait dashboardPage.tapRatio(dashboardPage.salesDishDropdownRatio.x, dashboardPage.salesDishDropdownRatio.y);\nawait dashboardPage.sleep(1000);\n\nawait dashboardPage.assertAppReady('Dropdown list screen');",
              "err": {},
              "uuid": "ef0e454f-af9b-46ca-94ae-5697abd74458",
              "parentUUID": null,
              "isHook": false,
              "skipped": true
            },
            {
              "title": "TC_24 Should verify card elements populate on Dashboard",
              "fullTitle": "SmartMenu UI Widgets & Interactive Elements Flow TC_24 Should verify card elements populate on Dashboard",
              "timedOut": false,
              "duration": 0,
              "state": null,
              "speed": null,
              "pass": false,
              "fail": false,
              "pending": false,
              "context": null,
              "code": "logger.info('Running TC_24: Dashboard cards presence check');\nawait dashboardPage.navigateToTab('Dashboard');\n\nawait dashboardPage.assertAppReady('Dashboard cards screen');",
              "err": {},
              "uuid": "4ad2c3ed-ab1a-4321-9304-eb0c875efa62",
              "parentUUID": null,
              "isHook": false,
              "skipped": true
            },
            {
              "title": "TC_25 Should open and dismiss a dialog modal successfully",
              "fullTitle": "SmartMenu UI Widgets & Interactive Elements Flow TC_25 Should open and dismiss a dialog modal successfully",
              "timedOut": false,
              "duration": 0,
              "state": null,
              "speed": null,
              "pass": false,
              "fail": false,
              "pending": false,
              "context": null,
              "code": "logger.info('Running TC_25: Dialog modal open and close flow');\nawait dashboardPage.openSalesDialog();\n\n// Tapping outside or cancel button ratio (approx x=0.35, y=0.72 or close coordinate)\n// To dismiss sales dialog, tap outside the modal box boundary (approx x=0.1, y=0.1)\nawait dashboardPage.tapRatio(0.1, 0.1);\nawait dashboardPage.sleep(2000);\n\nawait dashboardPage.assertAppReady('Dialog dismissed screen');",
              "err": {},
              "uuid": "f9d005ff-c9b2-408f-99d4-57eeef1d55f8",
              "parentUUID": null,
              "isHook": false,
              "skipped": true
            },
            {
              "title": "TC_26 Should toggle settings or form checkboxes",
              "fullTitle": "SmartMenu UI Widgets & Interactive Elements Flow TC_26 Should toggle settings or form checkboxes",
              "timedOut": false,
              "duration": 0,
              "state": null,
              "speed": null,
              "pass": false,
              "fail": false,
              "pending": false,
              "context": null,
              "code": "logger.info('Running TC_26: Form checkbox toggle check');\n// We navigate to Waste view and trigger check boxes or filters (approx x=0.2, y=0.3)\nawait dashboardPage.navigateToTab('Waste');\nawait dashboardPage.tapRatio(0.2, 0.3);\nawait dashboardPage.sleep(1000);\n\nawait dashboardPage.assertAppReady('Checkbox interaction screen');",
              "err": {},
              "uuid": "016a2b36-8b96-4a83-a3a9-3d53b48febac",
              "parentUUID": null,
              "isHook": false,
              "skipped": true
            }
          ],
          "suites": [],
          "passes": [],
          "failures": [],
          "pending": [],
          "skipped": [
            "e0318fed-52ff-47b7-8ab0-942e995d4d51",
            "e26453ec-cc2d-4e62-a437-b34f9bb39d24",
            "ef0e454f-af9b-46ca-94ae-5697abd74458",
            "4ad2c3ed-ab1a-4321-9304-eb0c875efa62",
            "f9d005ff-c9b2-408f-99d4-57eeef1d55f8",
            "016a2b36-8b96-4a83-a3a9-3d53b48febac"
          ],
          "duration": 0,
          "root": false,
          "rootEmpty": false,
          "_timeout": 120000
        }
      ],
      "passes": [],
      "failures": [],
      "pending": [],
      "skipped": [],
      "duration": 0,
      "root": true,
      "rootEmpty": true,
      "_timeout": 300000
    }
  ],
  "meta": {
    "mocha": {
      "version": "10.8.2"
    },
    "mochawesome": {
      "options": {
        "quiet": false,
        "reportFilename": "mochawesome-report",
        "saveHtml": true,
        "saveJson": true,
        "consoleReporter": "spec",
        "useInlineDiffs": false,
        "code": true
      },
      "version": "7.1.4"
    },
    "marge": {
      "options": {
        "reportDir": "reports/mochawesome",
        "reportFilename": "mochawesome-report",
        "html": "true",
        "json": "true",
        "overwrite": "true"
      },
      "version": "6.3.2"
    }
  }
}