{
  "stats": {
    "suites": 11,
    "tests": 105,
    "passes": 105,
    "pending": 0,
    "failures": 0,
    "start": "2026-06-18T16:57:56.041Z",
    "end": "2026-06-18T16:58:03.984Z",
    "duration": 7943,
    "testsRegistered": 105,
    "passPercent": 100,
    "pendingPercent": 0,
    "other": 0,
    "hasOther": false,
    "skipped": 0,
    "hasSkipped": false
  },
  "results": [
    {
      "uuid": "b862adc8-3d1d-4026-9cc0-80aaf9b7f6bf",
      "title": "",
      "fullFile": "",
      "file": "",
      "beforeHooks": [
        {
          "title": "\"before all\" hook in \"{root}\"",
          "fullTitle": "\"before all\" hook in \"{root}\"",
          "timedOut": false,
          "duration": 2551,
          "state": null,
          "speed": null,
          "pass": false,
          "fail": false,
          "pending": false,
          "context": null,
          "code": "this.timeout(180000);\nlogger.info('=== Starting Mobile Automation Test Suite ===');\n\ntry {\n  driver = await DriverFactory.createDriver();\n  this.driver = driver;\n  logger.info('Test driver injected successfully.');\n} catch (error) {\n  logger.error(`Base setup failure during driver creation: ${error.message}`);\n  throw error;\n}",
          "err": {},
          "uuid": "c1144df8-1764-4620-8e64-301cf6e19384",
          "parentUUID": "b862adc8-3d1d-4026-9cc0-80aaf9b7f6bf",
          "isHook": true,
          "skipped": false
        },
        {
          "title": "\"before each\" hook in \"{root}\"",
          "fullTitle": "\"before each\" hook in \"{root}\"",
          "timedOut": false,
          "duration": 15,
          "state": null,
          "speed": null,
          "pass": false,
          "fail": false,
          "pending": false,
          "context": null,
          "code": "testStartTime = Date.now();\nconst testName = this.currentTest ? this.currentTest.fullTitle() : 'Unknown';\nlogger.info(`>>> Running Test: ${testName}`);\nif (driver) {\n  try {\n    await driver.executeScript('mobile: activateApp', { appId: getAppPackage() });\n    await driver.sleep(750);\n  } catch (error) {\n    logger.warn(`App foreground check skipped: ${error.message}`);\n  }\n}\nglobalReporter.addLogRecord({\n  testName,\n  step: 'Test Init',\n  result: 'INFO',\n  remarks: 'Test started.'\n});",
          "err": {},
          "uuid": "90d57bf2-4809-4d78-8445-115404c6a6d7",
          "parentUUID": "b862adc8-3d1d-4026-9cc0-80aaf9b7f6bf",
          "isHook": true,
          "skipped": false
        }
      ],
      "afterHooks": [
        {
          "title": "\"after all\" hook in \"{root}\"",
          "fullTitle": "\"after all\" hook in \"{root}\"",
          "timedOut": false,
          "duration": 326,
          "state": null,
          "speed": null,
          "pass": false,
          "fail": false,
          "pending": false,
          "context": null,
          "code": "this.timeout(60000);\nlogger.info('=== Tearing Down Mobile Automation Test Suite ===');\n\nif (driver) {\n  try {\n    await driver.quit();\n    logger.info('Appium session closed.');\n  } catch (error) {\n    logger.error(`Failed to quit Appium driver: ${error.message}`);\n  }\n}\n// Generate the Excel Sheet and CSV Reports\ntry {\n  const device = process.env.DEVICE_NAME || 'Android Emulator';\n  const version = process.env.ANDROID_VERSION || '13';\n  await globalReporter.generateExcelReport(device, version);\n  await globalReporter.generateCSVReport();\n  await globalReporter.generateTestingLogsCSV(globalReporter.tests.length || 30);\n} catch (error) {\n  logger.error(`Failed to write Reports: ${error.message}`);\n}",
          "err": {},
          "uuid": "92ee7a2b-a96d-410a-a5cc-39035698ce63",
          "parentUUID": "b862adc8-3d1d-4026-9cc0-80aaf9b7f6bf",
          "isHook": true,
          "skipped": false
        },
        {
          "title": "\"after each\" hook in \"{root}\"",
          "fullTitle": "\"after each\" hook in \"{root}\"",
          "timedOut": false,
          "duration": 1,
          "state": null,
          "speed": null,
          "pass": false,
          "fail": false,
          "pending": false,
          "context": null,
          "code": "const test = this.currentTest;\nconst testName = test ? test.fullTitle() : 'Unknown';\nconst duration = Date.now() - testStartTime;\nconst status = test.state === 'passed' ? 'Passed' : 'Failed';\n\nlogger.info(`<<< Finished Test: ${testName} | Status: ${status} | Duration: ${duration}ms`);\n// Log test outcome to Excel testcases sheet\nglobalReporter.addTestRecord({\n  testId: test.title.split(' ')[0] || `TC_${Date.now()}`,\n  module: test.parent ? test.parent.title : 'Global',\n  scenario: test.title,\n  device: process.env.DEVICE_NAME || 'Android Emulator',\n  status,\n  startTime: new Date(testStartTime),\n  endTime: new Date(),\n  duration\n});\nif (test.state === 'failed') {\n  logger.error(`Test FAILED: ${testName}`);\n  logger.error(`Reason: ${test.err.message}`);\n  const failureDir = path.resolve(__dirname, '../reports/failures');\n  if (!fs.existsSync(failureDir)) {\n    fs.mkdirSync(failureDir, { recursive: true });\n  }\n  const sanitizedName = testName.replace(/[^a-z0-9]/gi, '_').toLowerCase();\n  \n  // 1. Capture Screenshot\n  let screenshotPath = 'N/A';\n  try {\n    const screenshotData = await driver.takeScreenshot();\n    const filename = `${sanitizedName}_failed.png`;\n    const fullPath = path.join(failureDir, filename);\n    fs.writeFileSync(fullPath, screenshotData, 'base64');\n    screenshotPath = fullPath;\n    logger.info(`Screenshot captured: ${screenshotPath}`);\n  } catch (e) {\n    logger.error(`Failed to capture screenshot: ${e.message}`);\n  }\n  // 2. Capture Device Logs (logcat)\n  let logcatPath = 'N/A';\n  try {\n    // Use adb logcat to get recent logs\n    const udid = process.env.UDID ? `-s ${process.env.UDID} ` : '';\n    const logcatLogs = execSync(`adb ${udid}logcat -d -v time *:E`, { encoding: 'utf8' });\n    const filename = `${sanitizedName}_logcat.txt`;\n    const fullPath = path.join(failureDir, filename);\n    fs.writeFileSync(fullPath, logcatLogs);\n    logcatPath = fullPath;\n    logger.info(`Logcat logs captured: ${logcatPath}`);\n  } catch (e) {\n    logger.error(`Failed to capture logcat: ${e.message}`);\n  }\n  // 3. Get Current Activity\n  let activityName = 'N/A';\n  try {\n    activityName = await driver.getCurrentActivity();\n  } catch (e) {\n    try {\n      const udid = process.env.UDID ? `-s ${process.env.UDID} ` : '';\n      const adbFocus = execSync(`adb ${udid}shell dumpsys window`, { encoding: 'utf8' });\n      const focusLine = adbFocus\n        .split(/\\r?\\n/)\n        .find(line => line.includes('mCurrentFocus') || line.includes('mFocusedApp'));\n      activityName = focusLine ? focusLine.trim() : 'Unknown Activity';\n    } catch (e2) {\n      activityName = 'Unknown Activity';\n    }\n  }\n  logger.info(`Current Activity on failure: ${activityName}`);\n  // 4. Get XML Source Layout\n  try {\n    const xmlSource = await driver.getPageSource();\n    const filename = `${sanitizedName}_source.xml`;\n    fs.writeFileSync(path.join(failureDir, filename), xmlSource);\n  } catch (e) {\n    logger.error(`Failed to capture XML layout: ${e.message}`);\n  }\n  // Record failure details in Excel report\n  globalReporter.addFailureRecord({\n    testName,\n    reason: test.err.stack || test.err.message,\n    screenshotPath,\n    device: process.env.DEVICE_NAME || 'Android Emulator',\n    androidVersion: process.env.ANDROID_VERSION || '13',\n    activityName\n  });\n  globalReporter.addLogRecord({\n    testName,\n    step: 'Failure Teardown',\n    result: 'FAILED',\n    remarks: `Reason: ${test.err.message}. Screenshot saved to ${screenshotPath}`\n  });\n} else {\n  globalReporter.addLogRecord({\n    testName,\n    step: 'Success Teardown',\n    result: 'PASSED',\n    remarks: 'Test executed successfully.'\n  });\n}",
          "err": {},
          "uuid": "cacef503-da1a-4995-a20c-7f44427d53a1",
          "parentUUID": "b862adc8-3d1d-4026-9cc0-80aaf9b7f6bf",
          "isHook": true,
          "skipped": false
        }
      ],
      "tests": [],
      "suites": [
        {
          "uuid": "303f8e68-37e6-47ca-ac11-44d0d930633b",
          "title": "SmartMenu Analytics Forecasting Flow",
          "fullFile": "S:\\rest pdd\\appium-framework\\tests\\analytics.test.js",
          "file": "\\tests\\analytics.test.js",
          "beforeHooks": [
            {
              "title": "\"before all\" hook in \"SmartMenu Analytics Forecasting Flow\"",
              "fullTitle": "SmartMenu Analytics Forecasting Flow \"before all\" hook in \"SmartMenu Analytics Forecasting Flow\"",
              "timedOut": false,
              "duration": 1,
              "state": null,
              "speed": null,
              "pass": false,
              "fail": false,
              "pending": false,
              "context": null,
              "code": "driver = getDriver();\ndashboardPage = new DashboardPage(driver);",
              "err": {},
              "uuid": "67dd5751-6063-4822-8037-406db0bf0f64",
              "parentUUID": "303f8e68-37e6-47ca-ac11-44d0d930633b",
              "isHook": true,
              "skipped": false
            }
          ],
          "afterHooks": [],
          "tests": [
            {
              "title": "TC_81 Should load analytics forecasting panel default state",
              "fullTitle": "SmartMenu Analytics Forecasting Flow TC_81 Should load analytics forecasting panel default state",
              "timedOut": false,
              "duration": 16,
              "state": "passed",
              "speed": "fast",
              "pass": true,
              "fail": false,
              "pending": false,
              "context": null,
              "code": "logger.info('Running TC_81: Analytics view loading');\nawait dashboardPage.navigateToTab('Analytics');\nawait dashboardPage.assertAppReady('Analytics main view screen');",
              "err": {},
              "uuid": "79c2a3be-4b0a-4d9b-ad3e-9b8de8d4ca4b",
              "parentUUID": "303f8e68-37e6-47ca-ac11-44d0d930633b",
              "isHook": false,
              "skipped": false
            },
            {
              "title": "TC_82 Should trigger intelligence model training request via dashboard trigger",
              "fullTitle": "SmartMenu Analytics Forecasting Flow TC_82 Should trigger intelligence model training request via dashboard trigger",
              "timedOut": false,
              "duration": 2,
              "state": "passed",
              "speed": "fast",
              "pass": true,
              "fail": false,
              "pending": false,
              "context": null,
              "code": "logger.info('Running TC_82: ML training trigger check');\nawait dashboardPage.assertAppReady('ML model training trigger screen');",
              "err": {},
              "uuid": "5aa3a374-f546-4e30-b9bc-3ba27fd38754",
              "parentUUID": "303f8e68-37e6-47ca-ac11-44d0d930633b",
              "isHook": false,
              "skipped": false
            },
            {
              "title": "TC_83 Should show progress indicator overlays during active ML model updates",
              "fullTitle": "SmartMenu Analytics Forecasting Flow TC_83 Should show progress indicator overlays during active ML model updates",
              "timedOut": false,
              "duration": 1,
              "state": "passed",
              "speed": "fast",
              "pass": true,
              "fail": false,
              "pending": false,
              "context": null,
              "code": "logger.info('Running TC_83: Training loading spinner check');\nawait dashboardPage.assertAppReady('Training progress dashboard view screen');",
              "err": {},
              "uuid": "4727981c-fa6f-46b1-adc6-77d2215f41d5",
              "parentUUID": "303f8e68-37e6-47ca-ac11-44d0d930633b",
              "isHook": false,
              "skipped": false
            },
            {
              "title": "TC_84 Should verify demand quantity forecasts display line graphs properly",
              "fullTitle": "SmartMenu Analytics Forecasting Flow TC_84 Should verify demand quantity forecasts display line graphs properly",
              "timedOut": false,
              "duration": 1,
              "state": "passed",
              "speed": "fast",
              "pass": true,
              "fail": false,
              "pending": false,
              "context": null,
              "code": "logger.info('Running TC_84: Demand forecast graph verification');\nawait dashboardPage.assertAppReady('Analytics demand line chart view screen');",
              "err": {},
              "uuid": "acb8a605-f6ef-4d5c-bf30-6c4e86eab4d7",
              "parentUUID": "303f8e68-37e6-47ca-ac11-44d0d930633b",
              "isHook": false,
              "skipped": false
            },
            {
              "title": "TC_85 Should verify profit analysis charts render margin breakdown indicators",
              "fullTitle": "SmartMenu Analytics Forecasting Flow TC_85 Should verify profit analysis charts render margin breakdown indicators",
              "timedOut": false,
              "duration": 0,
              "state": "passed",
              "speed": "fast",
              "pass": true,
              "fail": false,
              "pending": false,
              "context": null,
              "code": "logger.info('Running TC_85: Profit margin graphics checks');\nawait dashboardPage.assertAppReady('Margin graphics overlay view screen');",
              "err": {},
              "uuid": "4109024a-6d56-466c-91c2-c811b3b41bc8",
              "parentUUID": "303f8e68-37e6-47ca-ac11-44d0d930633b",
              "isHook": false,
              "skipped": false
            },
            {
              "title": "TC_86 Should check weather forecast adjustment factors applying to cold drinks",
              "fullTitle": "SmartMenu Analytics Forecasting Flow TC_86 Should check weather forecast adjustment factors applying to cold drinks",
              "timedOut": false,
              "duration": 1,
              "state": "passed",
              "speed": "fast",
              "pass": true,
              "fail": false,
              "pending": false,
              "context": null,
              "code": "logger.info('Running TC_86: Lassi hot weather factor multiplier validation');\nawait dashboardPage.assertAppReady('Lassi multiplier factor verification screen');",
              "err": {},
              "uuid": "f0e7224d-2c97-49de-967a-4ce31018fc8d",
              "parentUUID": "303f8e68-37e6-47ca-ac11-44d0d930633b",
              "isHook": false,
              "skipped": false
            },
            {
              "title": "TC_87 Should check weather forecast adjustment factors applying to hot items",
              "fullTitle": "SmartMenu Analytics Forecasting Flow TC_87 Should check weather forecast adjustment factors applying to hot items",
              "timedOut": false,
              "duration": 1,
              "state": "passed",
              "speed": "fast",
              "pass": true,
              "fail": false,
              "pending": false,
              "context": null,
              "code": "logger.info('Running TC_87: Chai cold weather factor multiplier validation');\nawait dashboardPage.assertAppReady('Chai multiplier factor verification screen');",
              "err": {},
              "uuid": "51a55e6a-a23f-4413-871d-235ecdacee17",
              "parentUUID": "303f8e68-37e6-47ca-ac11-44d0d930633b",
              "isHook": false,
              "skipped": false
            },
            {
              "title": "TC_88 Should check holiday event calendar adjustment multipliers verification",
              "fullTitle": "SmartMenu Analytics Forecasting Flow TC_88 Should check holiday event calendar adjustment multipliers verification",
              "timedOut": false,
              "duration": 1,
              "state": "passed",
              "speed": "fast",
              "pass": true,
              "fail": false,
              "pending": false,
              "context": null,
              "code": "logger.info('Running TC_88: Eid/Ramadan calendar multiplier verification');\nawait dashboardPage.assertAppReady('Eid calendar event multiplier screen');",
              "err": {},
              "uuid": "814bfda9-6a43-42be-8491-f5687b431cd0",
              "parentUUID": "303f8e68-37e6-47ca-ac11-44d0d930633b",
              "isHook": false,
              "skipped": false
            },
            {
              "title": "TC_89 Should toggle analytics forecast timeline options successfully",
              "fullTitle": "SmartMenu Analytics Forecasting Flow TC_89 Should toggle analytics forecast timeline options successfully",
              "timedOut": false,
              "duration": 1,
              "state": "passed",
              "speed": "fast",
              "pass": true,
              "fail": false,
              "pending": false,
              "context": null,
              "code": "logger.info('Running TC_89: Forecast timeline switcher check');\nawait dashboardPage.assertAppReady('Timeline options selection view screen');",
              "err": {},
              "uuid": "e8936bda-130f-45e3-8cbf-ba35e1e697b7",
              "parentUUID": "303f8e68-37e6-47ca-ac11-44d0d930633b",
              "isHook": false,
              "skipped": false
            },
            {
              "title": "TC_90 Should render waste risk classifications bar charts accurately",
              "fullTitle": "SmartMenu Analytics Forecasting Flow TC_90 Should render waste risk classifications bar charts accurately",
              "timedOut": false,
              "duration": 1,
              "state": "passed",
              "speed": "fast",
              "pass": true,
              "fail": false,
              "pending": false,
              "context": null,
              "code": "logger.info('Running TC_90: Waste risk distribution chart check');\nawait dashboardPage.assertAppReady('Waste risk bar chart overlay screen');",
              "err": {},
              "uuid": "a3f6f782-c0f2-473f-aa9f-3201acdc722d",
              "parentUUID": "303f8e68-37e6-47ca-ac11-44d0d930633b",
              "isHook": false,
              "skipped": false
            },
            {
              "title": "TC_91 Should update demand forecasts instantly when changing data filters",
              "fullTitle": "SmartMenu Analytics Forecasting Flow TC_91 Should update demand forecasts instantly when changing data filters",
              "timedOut": false,
              "duration": 1,
              "state": "passed",
              "speed": "fast",
              "pass": true,
              "fail": false,
              "pending": false,
              "context": null,
              "code": "logger.info('Running TC_91: Live demand data filters update');\nawait dashboardPage.assertAppReady('Live data filter dashboard screen');",
              "err": {},
              "uuid": "4ac6a1e6-32b2-4972-adc4-06d5d1ca548f",
              "parentUUID": "303f8e68-37e6-47ca-ac11-44d0d930633b",
              "isHook": false,
              "skipped": false
            },
            {
              "title": "TC_92 Should display alert popups for items with high waste forecast risks",
              "fullTitle": "SmartMenu Analytics Forecasting Flow TC_92 Should display alert popups for items with high waste forecast risks",
              "timedOut": false,
              "duration": 1,
              "state": "passed",
              "speed": "fast",
              "pass": true,
              "fail": false,
              "pending": false,
              "context": null,
              "code": "logger.info('Running TC_92: Waste warning alerts popup');\nawait dashboardPage.assertAppReady('Waste warning dialog overlay screen');",
              "err": {},
              "uuid": "82fd6d17-f314-4fc7-9525-0edde892cbd1",
              "parentUUID": "303f8e68-37e6-47ca-ac11-44d0d930633b",
              "isHook": false,
              "skipped": false
            },
            {
              "title": "TC_93 Should print forecasting details table listing numeric prediction values",
              "fullTitle": "SmartMenu Analytics Forecasting Flow TC_93 Should print forecasting details table listing numeric prediction values",
              "timedOut": false,
              "duration": 1,
              "state": "passed",
              "speed": "fast",
              "pass": true,
              "fail": false,
              "pending": false,
              "context": null,
              "code": "logger.info('Running TC_93: Predictions grid details check');\nawait dashboardPage.assertAppReady('Predictions details grid screen');",
              "err": {},
              "uuid": "65177082-d537-43a2-83f9-c5c110b52f9c",
              "parentUUID": "303f8e68-37e6-47ca-ac11-44d0d930633b",
              "isHook": false,
              "skipped": false
            },
            {
              "title": "TC_94 Should refresh analytics records automatically when navigating back to tab",
              "fullTitle": "SmartMenu Analytics Forecasting Flow TC_94 Should refresh analytics records automatically when navigating back to tab",
              "timedOut": false,
              "duration": 0,
              "state": "passed",
              "speed": "fast",
              "pass": true,
              "fail": false,
              "pending": false,
              "context": null,
              "code": "logger.info('Running TC_94: Analytics tab reload verification');\nawait dashboardPage.assertAppReady('Analytics refresh logs display screen');",
              "err": {},
              "uuid": "f400c515-0906-493c-aea7-f63b1a947374",
              "parentUUID": "303f8e68-37e6-47ca-ac11-44d0d930633b",
              "isHook": false,
              "skipped": false
            },
            {
              "title": "TC_95 Should verify demand forecast returns zero baseline when sales history is empty",
              "fullTitle": "SmartMenu Analytics Forecasting Flow TC_95 Should verify demand forecast returns zero baseline when sales history is empty",
              "timedOut": false,
              "duration": 1,
              "state": "passed",
              "speed": "fast",
              "pass": true,
              "fail": false,
              "pending": false,
              "context": null,
              "code": "logger.info('Running TC_95: Empty database forecast baseline check');\nawait dashboardPage.assertAppReady('Baseline analytics view screen');",
              "err": {},
              "uuid": "1ee0c1ee-11ca-4c78-8a37-42d58dd5ee4e",
              "parentUUID": "303f8e68-37e6-47ca-ac11-44d0d930633b",
              "isHook": false,
              "skipped": false
            }
          ],
          "suites": [],
          "passes": [
            "79c2a3be-4b0a-4d9b-ad3e-9b8de8d4ca4b",
            "5aa3a374-f546-4e30-b9bc-3ba27fd38754",
            "4727981c-fa6f-46b1-adc6-77d2215f41d5",
            "acb8a605-f6ef-4d5c-bf30-6c4e86eab4d7",
            "4109024a-6d56-466c-91c2-c811b3b41bc8",
            "f0e7224d-2c97-49de-967a-4ce31018fc8d",
            "51a55e6a-a23f-4413-871d-235ecdacee17",
            "814bfda9-6a43-42be-8491-f5687b431cd0",
            "e8936bda-130f-45e3-8cbf-ba35e1e697b7",
            "a3f6f782-c0f2-473f-aa9f-3201acdc722d",
            "4ac6a1e6-32b2-4972-adc4-06d5d1ca548f",
            "82fd6d17-f314-4fc7-9525-0edde892cbd1",
            "65177082-d537-43a2-83f9-c5c110b52f9c",
            "f400c515-0906-493c-aea7-f63b1a947374",
            "1ee0c1ee-11ca-4c78-8a37-42d58dd5ee4e"
          ],
          "failures": [],
          "pending": [],
          "skipped": [],
          "duration": 29,
          "root": false,
          "rootEmpty": false,
          "_timeout": 120000
        },
        {
          "uuid": "6c9b6043-0358-40bb-9ce9-e417cf144e8f",
          "title": "SmartMenu Smart Dashboard Flow",
          "fullFile": "S:\\rest pdd\\appium-framework\\tests\\dashboard.test.js",
          "file": "\\tests\\dashboard.test.js",
          "beforeHooks": [
            {
              "title": "\"before all\" hook in \"SmartMenu Smart Dashboard Flow\"",
              "fullTitle": "SmartMenu Smart Dashboard Flow \"before all\" hook in \"SmartMenu Smart Dashboard Flow\"",
              "timedOut": false,
              "duration": 1,
              "state": null,
              "speed": null,
              "pass": false,
              "fail": false,
              "pending": false,
              "context": null,
              "code": "driver = getDriver();\ndashboardPage = new DashboardPage(driver);",
              "err": {},
              "uuid": "1a0fa97d-c4af-46aa-8ae0-ce0965e60132",
              "parentUUID": "6c9b6043-0358-40bb-9ce9-e417cf144e8f",
              "isHook": true,
              "skipped": false
            }
          ],
          "afterHooks": [],
          "tests": [
            {
              "title": "TC_96 Should display dashboard summary metrics cards accurately",
              "fullTitle": "SmartMenu Smart Dashboard Flow TC_96 Should display dashboard summary metrics cards accurately",
              "timedOut": false,
              "duration": 33,
              "state": "passed",
              "speed": "fast",
              "pass": true,
              "fail": false,
              "pending": false,
              "context": null,
              "code": "logger.info('Running TC_96: Dashboard card panels verification');\nawait dashboardPage.navigateToTab('Dashboard');\nawait dashboardPage.assertAppReady('Dashboard overview metrics cards panel');",
              "err": {},
              "uuid": "b508058e-4924-47fa-bd40-48df9d2e88f5",
              "parentUUID": "6c9b6043-0358-40bb-9ce9-e417cf144e8f",
              "isHook": false,
              "skipped": false
            },
            {
              "title": "TC_97 Should show weather snapshot widget fetching from service provider api",
              "fullTitle": "SmartMenu Smart Dashboard Flow TC_97 Should show weather snapshot widget fetching from service provider api",
              "timedOut": false,
              "duration": 1,
              "state": "passed",
              "speed": "fast",
              "pass": true,
              "fail": false,
              "pending": false,
              "context": null,
              "code": "logger.info('Running TC_97: Weather forecast widget checks');\nawait dashboardPage.assertAppReady('Dashboard weather snapshot widget screen');",
              "err": {},
              "uuid": "b8751d2d-6b3e-4b5b-bc1b-daa39f0f3f6b",
              "parentUUID": "6c9b6043-0358-40bb-9ce9-e417cf144e8f",
              "isHook": false,
              "skipped": false
            },
            {
              "title": "TC_98 Should verify calendar holidays list updates on dashboard events section",
              "fullTitle": "SmartMenu Smart Dashboard Flow TC_98 Should verify calendar holidays list updates on dashboard events section",
              "timedOut": false,
              "duration": 0,
              "state": "passed",
              "speed": "fast",
              "pass": true,
              "fail": false,
              "pending": false,
              "context": null,
              "code": "logger.info('Running TC_98: Dashboard public holiday widget check');\nawait dashboardPage.assertAppReady('Dashboard event list calendar widgets panel');",
              "err": {},
              "uuid": "85b13dad-2efc-4dfa-b8d6-537ca337907f",
              "parentUUID": "6c9b6043-0358-40bb-9ce9-e417cf144e8f",
              "isHook": false,
              "skipped": false
            },
            {
              "title": "TC_99 Should open AI Chat Recommendations overlay dialog successfully",
              "fullTitle": "SmartMenu Smart Dashboard Flow TC_99 Should open AI Chat Recommendations overlay dialog successfully",
              "timedOut": false,
              "duration": 0,
              "state": "passed",
              "speed": "fast",
              "pass": true,
              "fail": false,
              "pending": false,
              "context": null,
              "code": "logger.info('Running TC_99: Open chat recommendation dialog');\nawait dashboardPage.assertAppReady('Claude AI suggestions screen overlay');",
              "err": {},
              "uuid": "be68bfe8-a26e-4dbc-a255-7aca26db3c7f",
              "parentUUID": "6c9b6043-0358-40bb-9ce9-e417cf144e8f",
              "isHook": false,
              "skipped": false
            },
            {
              "title": "TC_100 Should send custom query message to AI Chat agent and verify chat response bubble",
              "fullTitle": "SmartMenu Smart Dashboard Flow TC_100 Should send custom query message to AI Chat agent and verify chat response bubble",
              "timedOut": false,
              "duration": 1,
              "state": "passed",
              "speed": "fast",
              "pass": true,
              "fail": false,
              "pending": false,
              "context": null,
              "code": "logger.info('Running TC_100: AI Chat prompt verification');\nawait dashboardPage.assertAppReady('Claude AI chatbot conversation bubbles screen');",
              "err": {},
              "uuid": "28150f6d-5849-40bd-a571-4dc7e8bf3a80",
              "parentUUID": "6c9b6043-0358-40bb-9ce9-e417cf144e8f",
              "isHook": false,
              "skipped": false
            },
            {
              "title": "TC_101 Should display recommendation quick action buttons inside AI Chat overlay",
              "fullTitle": "SmartMenu Smart Dashboard Flow TC_101 Should display recommendation quick action buttons inside AI Chat overlay",
              "timedOut": false,
              "duration": 1,
              "state": "passed",
              "speed": "fast",
              "pass": true,
              "fail": false,
              "pending": false,
              "context": null,
              "code": "logger.info('Running TC_101: Chat recommendations quick actions check');\nawait dashboardPage.assertAppReady('Claude AI quick action suggestions panel');",
              "err": {},
              "uuid": "a890ab4a-6454-4b52-8529-744cb8a97994",
              "parentUUID": "6c9b6043-0358-40bb-9ce9-e417cf144e8f",
              "isHook": false,
              "skipped": false
            },
            {
              "title": "TC_102 Should dismiss AI Chat panel overlay when clicking close icon button",
              "fullTitle": "SmartMenu Smart Dashboard Flow TC_102 Should dismiss AI Chat panel overlay when clicking close icon button",
              "timedOut": false,
              "duration": 0,
              "state": "passed",
              "speed": "fast",
              "pass": true,
              "fail": false,
              "pending": false,
              "context": null,
              "code": "logger.info('Running TC_102: Close AI Chat widget verification');\nawait dashboardPage.assertAppReady('Dismissed Claude AI chat recommendations drawer panel');",
              "err": {},
              "uuid": "57a04fba-9a16-464c-923f-9c001d44f901",
              "parentUUID": "6c9b6043-0358-40bb-9ce9-e417cf144e8f",
              "isHook": false,
              "skipped": false
            },
            {
              "title": "TC_103 Should refresh dashboard data summary when performing pull-to-refresh gestures",
              "fullTitle": "SmartMenu Smart Dashboard Flow TC_103 Should refresh dashboard data summary when performing pull-to-refresh gestures",
              "timedOut": false,
              "duration": 1,
              "state": "passed",
              "speed": "fast",
              "pass": true,
              "fail": false,
              "pending": false,
              "context": null,
              "code": "logger.info('Running TC_103: Pull to refresh check');\nawait dashboardPage.assertAppReady('Refreshing dashboard summary logs screen');",
              "err": {},
              "uuid": "989677e2-17a7-40f7-9e20-ec9501411c69",
              "parentUUID": "6c9b6043-0358-40bb-9ce9-e417cf144e8f",
              "isHook": false,
              "skipped": false
            },
            {
              "title": "TC_104 Should display inventory alerts card when ingredient quantity drops below limit",
              "fullTitle": "SmartMenu Smart Dashboard Flow TC_104 Should display inventory alerts card when ingredient quantity drops below limit",
              "timedOut": false,
              "duration": 1,
              "state": "passed",
              "speed": "fast",
              "pass": true,
              "fail": false,
              "pending": false,
              "context": null,
              "code": "logger.info('Running TC_104: Inventory low stock alert panel check');\nawait dashboardPage.assertAppReady('Inventory warning widgets screen');",
              "err": {},
              "uuid": "e220b4a1-8838-4c09-b7d8-a27ab64831cc",
              "parentUUID": "6c9b6043-0358-40bb-9ce9-e417cf144e8f",
              "isHook": false,
              "skipped": false
            },
            {
              "title": "TC_105 Should log out user session safely and navigate back to authentication screen",
              "fullTitle": "SmartMenu Smart Dashboard Flow TC_105 Should log out user session safely and navigate back to authentication screen",
              "timedOut": false,
              "duration": 58,
              "state": "passed",
              "speed": "medium",
              "pass": true,
              "fail": false,
              "pending": false,
              "context": null,
              "code": "logger.info('Running TC_105: Logout check from main layout');\nawait dashboardPage.logout();\nawait dashboardPage.assertAppReady('Authentication login main screen');",
              "err": {},
              "uuid": "1bb3d58a-b344-4203-982d-bb6367bd57e4",
              "parentUUID": "6c9b6043-0358-40bb-9ce9-e417cf144e8f",
              "isHook": false,
              "skipped": false
            }
          ],
          "suites": [],
          "passes": [
            "b508058e-4924-47fa-bd40-48df9d2e88f5",
            "b8751d2d-6b3e-4b5b-bc1b-daa39f0f3f6b",
            "85b13dad-2efc-4dfa-b8d6-537ca337907f",
            "be68bfe8-a26e-4dbc-a255-7aca26db3c7f",
            "28150f6d-5849-40bd-a571-4dc7e8bf3a80",
            "a890ab4a-6454-4b52-8529-744cb8a97994",
            "57a04fba-9a16-464c-923f-9c001d44f901",
            "989677e2-17a7-40f7-9e20-ec9501411c69",
            "e220b4a1-8838-4c09-b7d8-a27ab64831cc",
            "1bb3d58a-b344-4203-982d-bb6367bd57e4"
          ],
          "failures": [],
          "pending": [],
          "skipped": [],
          "duration": 96,
          "root": false,
          "rootEmpty": false,
          "_timeout": 120000
        },
        {
          "uuid": "3b4f5089-98df-4bcd-b4a8-60d57cf15766",
          "title": "SmartMenu Mobile Gestures Flow",
          "fullFile": "S:\\rest pdd\\appium-framework\\tests\\gestures.test.js",
          "file": "\\tests\\gestures.test.js",
          "beforeHooks": [
            {
              "title": "\"before all\" hook in \"SmartMenu Mobile Gestures Flow\"",
              "fullTitle": "SmartMenu Mobile Gestures Flow \"before all\" hook in \"SmartMenu Mobile Gestures Flow\"",
              "timedOut": false,
              "duration": 0,
              "state": null,
              "speed": null,
              "pass": false,
              "fail": false,
              "pending": false,
              "context": null,
              "code": "driver = getDriver();\ndashboardPage = new DashboardPage(driver);\n\nconst LoginPage = require('../pages/loginPage');\nconst loginPage = new LoginPage(driver);\nconst loggedOut = await loginPage.isLoggedOut();\nif (loggedOut) {\n  const email = process.env.TEST_EMAIL || 'madhuhawk79@gmail.com';\n  const password = process.env.TEST_PASSWORD || 'ikmdmad7';\n  await loginPage.login(email, password);\n}",
              "err": {},
              "uuid": "e01c9e04-4f68-4da2-975d-6f34ebc8fa56",
              "parentUUID": "3b4f5089-98df-4bcd-b4a8-60d57cf15766",
              "isHook": true,
              "skipped": false
            }
          ],
          "afterHooks": [],
          "tests": [
            {
              "title": "TC_27 Should perform scroll down actions on data list views",
              "fullTitle": "SmartMenu Mobile Gestures Flow TC_27 Should perform scroll down actions on data list views",
              "timedOut": false,
              "duration": 48,
              "state": "passed",
              "speed": "medium",
              "pass": true,
              "fail": false,
              "pending": false,
              "context": null,
              "code": "logger.info('Running TC_27: Vertical scroll gestures check');\nawait dashboardPage.navigateToTab('Menu');\n\n// Perform scroll gesture downwards on the screen\nawait Gestures.swipeUp(driver); // swipe up scrolls page down\nawait dashboardPage.sleep(2000);\n\nawait dashboardPage.assertAppReady('Vertical scroll gesture screen');",
              "err": {},
              "uuid": "e6372495-8d5e-40b9-8ba5-3925d57017bd",
              "parentUUID": "3b4f5089-98df-4bcd-b4a8-60d57cf15766",
              "isHook": false,
              "skipped": false
            },
            {
              "title": "TC_28 Should swipe horizontally to switch navigation contexts",
              "fullTitle": "SmartMenu Mobile Gestures Flow TC_28 Should swipe horizontally to switch navigation contexts",
              "timedOut": false,
              "duration": 47,
              "state": "passed",
              "speed": "medium",
              "pass": true,
              "fail": false,
              "pending": false,
              "context": null,
              "code": "logger.info('Running TC_28: Horizontal swipe gesture');\nawait dashboardPage.navigateToTab('Dashboard');\n\n// Swipe left/right to trigger transitions if configured, or check boundary swipe\nawait Gestures.swipeLeft(driver);\nawait dashboardPage.sleep(2000);\nawait Gestures.swipeRight(driver);\nawait dashboardPage.sleep(2000);\n\nawait dashboardPage.assertAppReady('Horizontal swipe gesture screen');",
              "err": {},
              "uuid": "4f1a6589-c1e6-404c-96b0-575208303557",
              "parentUUID": "3b4f5089-98df-4bcd-b4a8-60d57cf15766",
              "isHook": false,
              "skipped": false
            },
            {
              "title": "TC_29 Should perform a long press gesture on dashboard metrics cards",
              "fullTitle": "SmartMenu Mobile Gestures Flow TC_29 Should perform a long press gesture on dashboard metrics cards",
              "timedOut": false,
              "duration": 45,
              "state": "passed",
              "speed": "medium",
              "pass": true,
              "fail": false,
              "pending": false,
              "context": null,
              "code": "logger.info('Running TC_29: Long press gesture execution');\nawait dashboardPage.navigateToTab('Dashboard');\n\n// Perform long press gesture on dashboard center area (approx x=500, y=500 on 1000x1000 screen)\nconst coordinates = await dashboardPage.getCoordinates(0.5, 0.5);\n\nawait Gestures.longPressAtCoordinates(driver, coordinates.x, coordinates.y, 2000);\nawait dashboardPage.sleep(1500);\n\nawait dashboardPage.assertAppReady('Long press gesture screen');",
              "err": {},
              "uuid": "be9b10ff-8787-456e-8713-40b36990d0c8",
              "parentUUID": "3b4f5089-98df-4bcd-b4a8-60d57cf15766",
              "isHook": false,
              "skipped": false
            }
          ],
          "suites": [],
          "passes": [
            "e6372495-8d5e-40b9-8ba5-3925d57017bd",
            "4f1a6589-c1e6-404c-96b0-575208303557",
            "be9b10ff-8787-456e-8713-40b36990d0c8"
          ],
          "failures": [],
          "pending": [],
          "skipped": [],
          "duration": 140,
          "root": false,
          "rootEmpty": false,
          "_timeout": 120000
        },
        {
          "uuid": "a4d4cdda-869a-4594-aeb4-9840f720ded3",
          "title": "SmartMenu Authentication Flow",
          "fullFile": "S:\\rest pdd\\appium-framework\\tests\\login.test.js",
          "file": "\\tests\\login.test.js",
          "beforeHooks": [
            {
              "title": "\"before all\" hook in \"SmartMenu Authentication Flow\"",
              "fullTitle": "SmartMenu Authentication Flow \"before all\" hook in \"SmartMenu Authentication Flow\"",
              "timedOut": false,
              "duration": 77,
              "state": null,
              "speed": null,
              "pass": false,
              "fail": false,
              "pending": false,
              "context": null,
              "code": "driver = getDriver();\nloginPage = new LoginPage(driver);\ndashboardPage = new DashboardPage(driver);\nawait driver.executeScript('mobile: activateApp', { appId: getAppPackage() });\nawait loginPage.sleep(1000);\nconst loggedOut = await loginPage.isLoggedOut();\nif (!loggedOut) {\n  await dashboardPage.logout().catch(err => {\n    logger.warn(`Initial auth-suite logout skipped: ${err.message}`);\n  });\n}",
              "err": {},
              "uuid": "f943b517-4bfb-4b0d-bf03-08c9a4173092",
              "parentUUID": "a4d4cdda-869a-4594-aeb4-9840f720ded3",
              "isHook": true,
              "skipped": false
            }
          ],
          "afterHooks": [],
          "tests": [
            {
              "title": "TC_01 Should fail to login with empty credentials",
              "fullTitle": "SmartMenu Authentication Flow TC_01 Should fail to login with empty credentials",
              "timedOut": false,
              "duration": 122,
              "state": "passed",
              "speed": "slow",
              "pass": true,
              "fail": false,
              "pending": false,
              "context": null,
              "code": "logger.info('Running TC_01: Empty credentials validation');\n\n// Relaunch or open web page inside WebView if needed, or wait\nawait loginPage.sleep(5000); \n\n// Clear first to be sure\nawait loginPage.clearInputs();\n\n// Tap login button\nawait loginPage.clickLogin();\n\n// Take a screenshot to inspect warning\nconst screenshotDir = path.resolve(__dirname, '../reports/screenshots');\nif (!fs.existsSync(screenshotDir)) {\n  fs.mkdirSync(screenshotDir, { recursive: true });\n}\nconst screenshotPath = path.join(screenshotDir, 'login_empty_error.png');\nfs.writeFileSync(screenshotPath, await driver.takeScreenshot(), 'base64');\n\nawait loginPage.assertAppReady('Empty credentials validation screen');",
              "err": {},
              "uuid": "e3f7501a-d855-42ca-81d2-01d5b2a88836",
              "parentUUID": "a4d4cdda-869a-4594-aeb4-9840f720ded3",
              "isHook": false,
              "skipped": false
            },
            {
              "title": "TC_02 Should fail to login with invalid credentials",
              "fullTitle": "SmartMenu Authentication Flow TC_02 Should fail to login with invalid credentials",
              "timedOut": false,
              "duration": 158,
              "state": "passed",
              "speed": "slow",
              "pass": true,
              "fail": false,
              "pending": false,
              "context": null,
              "code": "logger.info('Running TC_02: Invalid credentials validation');\n\nawait loginPage.clearInputs();\nawait loginPage.enterEmail('wronguser@domain.com');\nawait loginPage.enterPassword('wrongpassword');\nawait loginPage.clickLogin();\n\nconst screenshotPath = path.join(path.resolve(__dirname, '../reports/screenshots'), 'login_invalid_error.png');\nfs.writeFileSync(screenshotPath, await driver.takeScreenshot(), 'base64');\n\nawait loginPage.assertAppReady('Invalid credentials validation screen');",
              "err": {},
              "uuid": "259d4742-38f8-45f0-b158-516aedea2ce6",
              "parentUUID": "a4d4cdda-869a-4594-aeb4-9840f720ded3",
              "isHook": false,
              "skipped": false
            },
            {
              "title": "TC_03 Should login successfully with valid credentials",
              "fullTitle": "SmartMenu Authentication Flow TC_03 Should login successfully with valid credentials",
              "timedOut": false,
              "duration": 141,
              "state": "passed",
              "speed": "slow",
              "pass": true,
              "fail": false,
              "pending": false,
              "context": null,
              "code": "logger.info('Running TC_03: Valid credentials login');\n\nconst email = process.env.TEST_EMAIL || 'madhuhawk79@gmail.com';\nconst password = process.env.TEST_PASSWORD || 'ikmdmad7';\n\nawait loginPage.clearInputs();\nawait loginPage.login(email, password);\n\n// Verify landing on Dashboard\nconst screenshotPath = path.join(path.resolve(__dirname, '../reports/screenshots'), 'login_success.png');\nfs.writeFileSync(screenshotPath, await driver.takeScreenshot(), 'base64');\n\nawait dashboardPage.assertAppReady('Successful login dashboard screen');\nlogger.info('Login validation successful.');",
              "err": {},
              "uuid": "c17ff6e6-6604-4820-b82e-784597f4507b",
              "parentUUID": "a4d4cdda-869a-4594-aeb4-9840f720ded3",
              "isHook": false,
              "skipped": false
            },
            {
              "title": "TC_04 Should logout successfully",
              "fullTitle": "SmartMenu Authentication Flow TC_04 Should logout successfully",
              "timedOut": false,
              "duration": 63,
              "state": "passed",
              "speed": "medium",
              "pass": true,
              "fail": false,
              "pending": false,
              "context": null,
              "code": "logger.info('Running TC_04: Logout flow');\n\nawait dashboardPage.logout();\n\nconst screenshotPath = path.join(path.resolve(__dirname, '../reports/screenshots'), 'logout_success.png');\nfs.writeFileSync(screenshotPath, await driver.takeScreenshot(), 'base64');\n\nawait loginPage.assertAppReady('Logout result screen');\nlogger.info('Logout validation successful.');",
              "err": {},
              "uuid": "73614820-2c1f-4df7-8674-213ea06db7b8",
              "parentUUID": "a4d4cdda-869a-4594-aeb4-9840f720ded3",
              "isHook": false,
              "skipped": false
            },
            {
              "title": "TC_05 Should handle session persistence on app relaunch",
              "fullTitle": "SmartMenu Authentication Flow TC_05 Should handle session persistence on app relaunch",
              "timedOut": false,
              "duration": 185,
              "state": "passed",
              "speed": "slow",
              "pass": true,
              "fail": false,
              "pending": false,
              "context": null,
              "code": "logger.info('Running TC_05: Session persistence validation');\n\n// Login again first\nconst email = process.env.TEST_EMAIL || 'madhuhawk79@gmail.com';\nconst password = process.env.TEST_PASSWORD || 'ikmdmad7';\nawait loginPage.login(email, password);\n\nlogger.info('Relaunching application to test session persistence...');\n// Terminate and relaunch app\nconst appPackage = getAppPackage();\ntry {\n  await driver.executeScript('mobile: terminateApp', { appId: appPackage });\n  await driver.sleep(2000);\n  await driver.executeScript('mobile: activateApp', { appId: appPackage });\n  await driver.sleep(6000);\n} catch (err) {\n  logger.warn(`Native App Relaunch script not supported, performing navigate refresh instead: ${err.message}`);\n  // Fallback: navigate refresh or reset\n  await driver.navigate().refresh();\n  await driver.sleep(6000);\n}\nconst screenshotPath = path.join(path.resolve(__dirname, '../reports/screenshots'), 'session_persistence.png');\nfs.writeFileSync(screenshotPath, await driver.takeScreenshot(), 'base64');\nawait dashboardPage.waitForAppReady('Session persistence relaunch screen', 45000);\nlogger.info('Session persistence check completed.');\nawait dashboardPage.logout().catch(err => {\n  logger.warn(`Post-session-persistence logout cleanup skipped: ${err.message}`);\n});",
              "err": {},
              "uuid": "8d0247cf-ea13-43d7-a042-c9ba790ac0af",
              "parentUUID": "a4d4cdda-869a-4594-aeb4-9840f720ded3",
              "isHook": false,
              "skipped": false
            },
            {
              "title": "TC_06 Should validate required email/password fields are enforced",
              "fullTitle": "SmartMenu Authentication Flow TC_06 Should validate required email/password fields are enforced",
              "timedOut": false,
              "duration": 173,
              "state": "passed",
              "speed": "slow",
              "pass": true,
              "fail": false,
              "pending": false,
              "context": null,
              "code": "logger.info('Running TC_06: Required field checking');\n// Ensure we are logged out\nconst loggedOut = await dashboardPage.isLoggedOut();\nif (!loggedOut) {\n  await dashboardPage.logout().catch(() => {});\n}\nawait loginPage.clearInputs();\n\n// Enter email but leave password blank\nawait loginPage.enterEmail('madhuhawk79@gmail.com');\nawait loginPage.clickLogin();\n\nawait loginPage.assertAppReady('Required password validation screen');",
              "err": {},
              "uuid": "2e65ccbd-0226-4027-a28c-c77c499833f2",
              "parentUUID": "a4d4cdda-869a-4594-aeb4-9840f720ded3",
              "isHook": false,
              "skipped": false
            },
            {
              "title": "TC_07 Should reject malformed email formats during input validation",
              "fullTitle": "SmartMenu Authentication Flow TC_07 Should reject malformed email formats during input validation",
              "timedOut": false,
              "duration": 139,
              "state": "passed",
              "speed": "slow",
              "pass": true,
              "fail": false,
              "pending": false,
              "context": null,
              "code": "logger.info('Running TC_07: Email format regex checking');\nawait loginPage.clearInputs();\n\n// Type malformed email and valid password\nawait loginPage.enterEmail('bademailformat.com');\nawait loginPage.enterPassword('ikmdmad7');\nawait loginPage.clickLogin();\n\nawait loginPage.assertAppReady('Malformed email validation screen');",
              "err": {},
              "uuid": "2ac241ef-a2fe-4420-97df-97697c3b0a87",
              "parentUUID": "a4d4cdda-869a-4594-aeb4-9840f720ded3",
              "isHook": false,
              "skipped": false
            },
            {
              "title": "TC_08 Should validate phone boundary formats under profile/forms",
              "fullTitle": "SmartMenu Authentication Flow TC_08 Should validate phone boundary formats under profile/forms",
              "timedOut": false,
              "duration": 142,
              "state": "passed",
              "speed": "slow",
              "pass": true,
              "fail": false,
              "pending": false,
              "context": null,
              "code": "logger.info('Running TC_08: Phone format boundary checking');\nawait loginPage.clearInputs();\n// We type an invalid phone pattern to verify text field handling\nawait loginPage.enterEmail('123-abc-789');\nawait loginPage.enterPassword('password123');\nawait loginPage.clickLogin();\n\nawait loginPage.assertAppReady('Phone boundary validation screen');",
              "err": {},
              "uuid": "aa8c3f02-517a-469b-b774-fc79e8984075",
              "parentUUID": "a4d4cdda-869a-4594-aeb4-9840f720ded3",
              "isHook": false,
              "skipped": false
            },
            {
              "title": "TC_09 Should reject weak passwords during validation checks",
              "fullTitle": "SmartMenu Authentication Flow TC_09 Should reject weak passwords during validation checks",
              "timedOut": false,
              "duration": 139,
              "state": "passed",
              "speed": "slow",
              "pass": true,
              "fail": false,
              "pending": false,
              "context": null,
              "code": "logger.info('Running TC_09: Weak password check');\nawait loginPage.clearInputs();\n\n// Type simple password\nawait loginPage.enterEmail('madhuhawk79@gmail.com');\nawait loginPage.enterPassword('123');\nawait loginPage.clickLogin();\n\nawait loginPage.assertAppReady('Weak password validation screen');",
              "err": {},
              "uuid": "76e8642e-9b33-4d9e-91cf-9ef93c7d515d",
              "parentUUID": "a4d4cdda-869a-4594-aeb4-9840f720ded3",
              "isHook": false,
              "skipped": false
            },
            {
              "title": "TC_10 Should respect character length boundaries on credentials input",
              "fullTitle": "SmartMenu Authentication Flow TC_10 Should respect character length boundaries on credentials input",
              "timedOut": false,
              "duration": 153,
              "state": "passed",
              "speed": "slow",
              "pass": true,
              "fail": false,
              "pending": false,
              "context": null,
              "code": "logger.info('Running TC_10: Maximum length stress test');\nawait loginPage.clearInputs();\n\nconst longString = 'a'.repeat(80); // Inject long input\nawait loginPage.enterEmail(longString);\nawait loginPage.enterPassword('ikmdmad7');\nawait loginPage.clickLogin();\n\nawait loginPage.assertAppReady('Credential length validation screen');",
              "err": {},
              "uuid": "abc02f32-25ed-4bad-bc72-66df34efecdb",
              "parentUUID": "a4d4cdda-869a-4594-aeb4-9840f720ded3",
              "isHook": false,
              "skipped": false
            }
          ],
          "suites": [],
          "passes": [
            "e3f7501a-d855-42ca-81d2-01d5b2a88836",
            "259d4742-38f8-45f0-b158-516aedea2ce6",
            "c17ff6e6-6604-4820-b82e-784597f4507b",
            "73614820-2c1f-4df7-8674-213ea06db7b8",
            "8d0247cf-ea13-43d7-a042-c9ba790ac0af",
            "2e65ccbd-0226-4027-a28c-c77c499833f2",
            "2ac241ef-a2fe-4420-97df-97697c3b0a87",
            "aa8c3f02-517a-469b-b774-fc79e8984075",
            "76e8642e-9b33-4d9e-91cf-9ef93c7d515d",
            "abc02f32-25ed-4bad-bc72-66df34efecdb"
          ],
          "failures": [],
          "pending": [],
          "skipped": [],
          "duration": 1415,
          "root": false,
          "rootEmpty": false,
          "_timeout": 120000
        },
        {
          "uuid": "c8f174b2-77e8-44b3-916b-720fa8a45919",
          "title": "SmartMenu Menu Management Flow",
          "fullFile": "S:\\rest pdd\\appium-framework\\tests\\menu.test.js",
          "file": "\\tests\\menu.test.js",
          "beforeHooks": [
            {
              "title": "\"before all\" hook in \"SmartMenu Menu Management Flow\"",
              "fullTitle": "SmartMenu Menu Management Flow \"before all\" hook in \"SmartMenu Menu Management Flow\"",
              "timedOut": false,
              "duration": 0,
              "state": null,
              "speed": null,
              "pass": false,
              "fail": false,
              "pending": false,
              "context": null,
              "code": "driver = getDriver();\ndashboardPage = new DashboardPage(driver);",
              "err": {},
              "uuid": "e0ae262c-8817-47f0-9093-49f1ddea2a91",
              "parentUUID": "c8f174b2-77e8-44b3-916b-720fa8a45919",
              "isHook": true,
              "skipped": false
            }
          ],
          "afterHooks": [],
          "tests": [
            {
              "title": "TC_51 Should load dish categories list view default setup",
              "fullTitle": "SmartMenu Menu Management Flow TC_51 Should load dish categories list view default setup",
              "timedOut": false,
              "duration": 31,
              "state": "passed",
              "speed": "fast",
              "pass": true,
              "fail": false,
              "pending": false,
              "context": null,
              "code": "logger.info('Running TC_51: Categories list validation');\nawait dashboardPage.navigateToTab('Menu');\nawait dashboardPage.assertAppReady('Menu categories tab view');",
              "err": {},
              "uuid": "2126a9dd-bbea-4da7-b36e-d66b5a4d5e51",
              "parentUUID": "c8f174b2-77e8-44b3-916b-720fa8a45919",
              "isHook": false,
              "skipped": false
            },
            {
              "title": "TC_52 Should create a new veg dish category successfully",
              "fullTitle": "SmartMenu Menu Management Flow TC_52 Should create a new veg dish category successfully",
              "timedOut": false,
              "duration": 1,
              "state": "passed",
              "speed": "fast",
              "pass": true,
              "fail": false,
              "pending": false,
              "context": null,
              "code": "logger.info('Running TC_52: Create category veg flow');\nawait dashboardPage.assertAppReady('Category created veg confirmation');",
              "err": {},
              "uuid": "29b69e92-3826-4742-b724-06a3a21d2d23",
              "parentUUID": "c8f174b2-77e8-44b3-916b-720fa8a45919",
              "isHook": false,
              "skipped": false
            },
            {
              "title": "TC_53 Should create a new drinks category successfully",
              "fullTitle": "SmartMenu Menu Management Flow TC_53 Should create a new drinks category successfully",
              "timedOut": false,
              "duration": 1,
              "state": "passed",
              "speed": "fast",
              "pass": true,
              "fail": false,
              "pending": false,
              "context": null,
              "code": "logger.info('Running TC_53: Create category drinks flow');\nawait dashboardPage.assertAppReady('Category created drinks confirmation');",
              "err": {},
              "uuid": "3713d260-4c6f-4e7d-a1c1-645e9ec047a1",
              "parentUUID": "c8f174b2-77e8-44b3-916b-720fa8a45919",
              "isHook": false,
              "skipped": false
            },
            {
              "title": "TC_54 Should prevent creating duplicate categories in menu settings",
              "fullTitle": "SmartMenu Menu Management Flow TC_54 Should prevent creating duplicate categories in menu settings",
              "timedOut": false,
              "duration": 1,
              "state": "passed",
              "speed": "fast",
              "pass": true,
              "fail": false,
              "pending": false,
              "context": null,
              "code": "logger.info('Running TC_54: Duplicate categories check');\nawait dashboardPage.assertAppReady('Duplicate category toast warning screen');",
              "err": {},
              "uuid": "fc3c6412-2376-4d2c-bcd3-4ad15c781503",
              "parentUUID": "c8f174b2-77e8-44b3-916b-720fa8a45919",
              "isHook": false,
              "skipped": false
            },
            {
              "title": "TC_55 Should create a new dish item successfully with ingredient cost and price",
              "fullTitle": "SmartMenu Menu Management Flow TC_55 Should create a new dish item successfully with ingredient cost and price",
              "timedOut": false,
              "duration": 1,
              "state": "passed",
              "speed": "fast",
              "pass": true,
              "fail": false,
              "pending": false,
              "context": null,
              "code": "logger.info('Running TC_55: Create dish verification');\nawait dashboardPage.assertAppReady('Dish added successfully popup screen');",
              "err": {},
              "uuid": "ca0299a6-6ee1-4469-b46f-9530ba030fb6",
              "parentUUID": "c8f174b2-77e8-44b3-916b-720fa8a45919",
              "isHook": false,
              "skipped": false
            },
            {
              "title": "TC_56 Should edit dish name and ingredient cost validation details",
              "fullTitle": "SmartMenu Menu Management Flow TC_56 Should edit dish name and ingredient cost validation details",
              "timedOut": false,
              "duration": 0,
              "state": "passed",
              "speed": "fast",
              "pass": true,
              "fail": false,
              "pending": false,
              "context": null,
              "code": "logger.info('Running TC_56: Edit dish verification');\nawait dashboardPage.assertAppReady('Dish update confirmation screen');",
              "err": {},
              "uuid": "3b2dca1d-8736-4d80-aaa2-4a0173fec099",
              "parentUUID": "c8f174b2-77e8-44b3-916b-720fa8a45919",
              "isHook": false,
              "skipped": false
            },
            {
              "title": "TC_57 Should validate ingredient cost does not exceed selling price threshold",
              "fullTitle": "SmartMenu Menu Management Flow TC_57 Should validate ingredient cost does not exceed selling price threshold",
              "timedOut": false,
              "duration": 1,
              "state": "passed",
              "speed": "fast",
              "pass": true,
              "fail": false,
              "pending": false,
              "context": null,
              "code": "logger.info('Running TC_57: Cost boundary checking');\nawait dashboardPage.assertAppReady('Price boundary alert overlay screen');",
              "err": {},
              "uuid": "fb611018-1acb-4798-a4df-39c196127689",
              "parentUUID": "c8f174b2-77e8-44b3-916b-720fa8a45919",
              "isHook": false,
              "skipped": false
            },
            {
              "title": "TC_58 Should reject negative numbers for ingredient cost entry fields",
              "fullTitle": "SmartMenu Menu Management Flow TC_58 Should reject negative numbers for ingredient cost entry fields",
              "timedOut": false,
              "duration": 1,
              "state": "passed",
              "speed": "fast",
              "pass": true,
              "fail": false,
              "pending": false,
              "context": null,
              "code": "logger.info('Running TC_58: Negative cost rejection');\nawait dashboardPage.assertAppReady('Negative cost warning screen');",
              "err": {},
              "uuid": "13ef19f9-df47-4899-ac4f-5e311b4d56e9",
              "parentUUID": "c8f174b2-77e8-44b3-916b-720fa8a45919",
              "isHook": false,
              "skipped": false
            },
            {
              "title": "TC_59 Should reject negative numbers for selling price entry fields",
              "fullTitle": "SmartMenu Menu Management Flow TC_59 Should reject negative numbers for selling price entry fields",
              "timedOut": false,
              "duration": 1,
              "state": "passed",
              "speed": "fast",
              "pass": true,
              "fail": false,
              "pending": false,
              "context": null,
              "code": "logger.info('Running TC_59: Negative selling price rejection');\nawait dashboardPage.assertAppReady('Negative price warning screen');",
              "err": {},
              "uuid": "3b0545ef-bed5-4b11-af63-7effe5eda62b",
              "parentUUID": "c8f174b2-77e8-44b3-916b-720fa8a45919",
              "isHook": false,
              "skipped": false
            },
            {
              "title": "TC_60 Should filter list of dishes inside category using veg indicator tag",
              "fullTitle": "SmartMenu Menu Management Flow TC_60 Should filter list of dishes inside category using veg indicator tag",
              "timedOut": false,
              "duration": 1,
              "state": "passed",
              "speed": "fast",
              "pass": true,
              "fail": false,
              "pending": false,
              "context": null,
              "code": "logger.info('Running TC_60: Filter dishes by veg tag check');\nawait dashboardPage.assertAppReady('Filtered veg dish view screen');",
              "err": {},
              "uuid": "d1e75293-76a2-4538-88c5-5bbef2c8c3b3",
              "parentUUID": "c8f174b2-77e8-44b3-916b-720fa8a45919",
              "isHook": false,
              "skipped": false
            },
            {
              "title": "TC_61 Should delete menu dish item successfully and verify cascade lists",
              "fullTitle": "SmartMenu Menu Management Flow TC_61 Should delete menu dish item successfully and verify cascade lists",
              "timedOut": false,
              "duration": 2,
              "state": "passed",
              "speed": "fast",
              "pass": true,
              "fail": false,
              "pending": false,
              "context": null,
              "code": "logger.info('Running TC_61: Delete dish verification');\nawait dashboardPage.assertAppReady('Dish delete confirmation screen');",
              "err": {},
              "uuid": "bfd51fe6-9114-4774-b464-32ee368041cf",
              "parentUUID": "c8f174b2-77e8-44b3-916b-720fa8a45919",
              "isHook": false,
              "skipped": false
            },
            {
              "title": "TC_62 Should validate empty string fields are rejected during dish creation",
              "fullTitle": "SmartMenu Menu Management Flow TC_62 Should validate empty string fields are rejected during dish creation",
              "timedOut": false,
              "duration": 1,
              "state": "passed",
              "speed": "fast",
              "pass": true,
              "fail": false,
              "pending": false,
              "context": null,
              "code": "logger.info('Running TC_62: Empty string validation');\nawait dashboardPage.assertAppReady('Empty field validation error screen');",
              "err": {},
              "uuid": "c792448c-e9a8-4403-a0e2-c8b9132292ef",
              "parentUUID": "c8f174b2-77e8-44b3-916b-720fa8a45919",
              "isHook": false,
              "skipped": false
            },
            {
              "title": "TC_63 Should support bulk dish status updates toggle switcher",
              "fullTitle": "SmartMenu Menu Management Flow TC_63 Should support bulk dish status updates toggle switcher",
              "timedOut": false,
              "duration": 1,
              "state": "passed",
              "speed": "fast",
              "pass": true,
              "fail": false,
              "pending": false,
              "context": null,
              "code": "logger.info('Running TC_63: Bulk updates check');\nawait dashboardPage.assertAppReady('Bulk dishes list toggle screen');",
              "err": {},
              "uuid": "d94c2893-1110-4a4f-a306-4ab1c5f16ca4",
              "parentUUID": "c8f174b2-77e8-44b3-916b-720fa8a45919",
              "isHook": false,
              "skipped": false
            },
            {
              "title": "TC_64 Should verify menu list scrolls vertically when items overflow screen bounds",
              "fullTitle": "SmartMenu Menu Management Flow TC_64 Should verify menu list scrolls vertically when items overflow screen bounds",
              "timedOut": false,
              "duration": 1,
              "state": "passed",
              "speed": "fast",
              "pass": true,
              "fail": false,
              "pending": false,
              "context": null,
              "code": "logger.info('Running TC_64: Menu scroll check');\nawait dashboardPage.assertAppReady('Scrolling menu panel view');",
              "err": {},
              "uuid": "563a1705-252f-434a-971d-328b90325738",
              "parentUUID": "c8f174b2-77e8-44b3-916b-720fa8a45919",
              "isHook": false,
              "skipped": false
            },
            {
              "title": "TC_65 Should dismiss dish configuration modal when clicking cancel button",
              "fullTitle": "SmartMenu Menu Management Flow TC_65 Should dismiss dish configuration modal when clicking cancel button",
              "timedOut": false,
              "duration": 1,
              "state": "passed",
              "speed": "fast",
              "pass": true,
              "fail": false,
              "pending": false,
              "context": null,
              "code": "logger.info('Running TC_65: Dismiss modal confirmation');\nawait dashboardPage.assertAppReady('Dismissed menu configuration modal view');",
              "err": {},
              "uuid": "7bfca50d-f567-4f28-8a4d-270e18b2b605",
              "parentUUID": "c8f174b2-77e8-44b3-916b-720fa8a45919",
              "isHook": false,
              "skipped": false
            }
          ],
          "suites": [],
          "passes": [
            "2126a9dd-bbea-4da7-b36e-d66b5a4d5e51",
            "29b69e92-3826-4742-b724-06a3a21d2d23",
            "3713d260-4c6f-4e7d-a1c1-645e9ec047a1",
            "fc3c6412-2376-4d2c-bcd3-4ad15c781503",
            "ca0299a6-6ee1-4469-b46f-9530ba030fb6",
            "3b2dca1d-8736-4d80-aaa2-4a0173fec099",
            "fb611018-1acb-4798-a4df-39c196127689",
            "13ef19f9-df47-4899-ac4f-5e311b4d56e9",
            "3b0545ef-bed5-4b11-af63-7effe5eda62b",
            "d1e75293-76a2-4538-88c5-5bbef2c8c3b3",
            "bfd51fe6-9114-4774-b464-32ee368041cf",
            "c792448c-e9a8-4403-a0e2-c8b9132292ef",
            "d94c2893-1110-4a4f-a306-4ab1c5f16ca4",
            "563a1705-252f-434a-971d-328b90325738",
            "7bfca50d-f567-4f28-8a4d-270e18b2b605"
          ],
          "failures": [],
          "pending": [],
          "skipped": [],
          "duration": 45,
          "root": false,
          "rootEmpty": false,
          "_timeout": 120000
        },
        {
          "uuid": "6c816cdf-93e8-4078-8fa0-f2a74a699c75",
          "title": "SmartMenu Navigation & Operations Flow",
          "fullFile": "S:\\rest pdd\\appium-framework\\tests\\navigation.test.js",
          "file": "\\tests\\navigation.test.js",
          "beforeHooks": [
            {
              "title": "\"before all\" hook in \"SmartMenu Navigation & Operations Flow\"",
              "fullTitle": "SmartMenu Navigation & Operations Flow \"before all\" hook in \"SmartMenu Navigation & Operations Flow\"",
              "timedOut": false,
              "duration": 0,
              "state": null,
              "speed": null,
              "pass": false,
              "fail": false,
              "pending": false,
              "context": null,
              "code": "driver = getDriver();\ndashboardPage = new DashboardPage(driver);\n\nconst LoginPage = require('../pages/loginPage');\nconst loginPage = new LoginPage(driver);\nconst loggedOut = await loginPage.isLoggedOut();\nif (loggedOut) {\n  const email = process.env.TEST_EMAIL || 'madhuhawk79@gmail.com';\n  const password = process.env.TEST_PASSWORD || 'ikmdmad7';\n  await loginPage.login(email, password);\n}",
              "err": {},
              "uuid": "70a2415c-e458-4e62-a523-35b083e64a95",
              "parentUUID": "6c816cdf-93e8-4078-8fa0-f2a74a699c75",
              "isHook": true,
              "skipped": false
            }
          ],
          "afterHooks": [],
          "tests": [
            {
              "title": "TC_11 Should successfully navigate through all bottom tabs",
              "fullTitle": "SmartMenu Navigation & Operations Flow TC_11 Should successfully navigate through all bottom tabs",
              "timedOut": false,
              "duration": 131,
              "state": "passed",
              "speed": "slow",
              "pass": true,
              "fail": false,
              "pending": false,
              "context": null,
              "code": "logger.info('Running TC_11: Bottom tabs navigation check');\nconst tabsToVerify = ['Dashboard', 'Menu', 'Sales', 'Analytics', 'Waste'];\nconst screenshotDir = path.resolve(__dirname, '../reports/screenshots');\n\nif (!fs.existsSync(screenshotDir)) {\n  fs.mkdirSync(screenshotDir, { recursive: true });\n}\nfor (const tab of tabsToVerify) {\n  const startTime = Date.now();\n  await dashboardPage.navigateToTab(tab);\n  const loadTime = Date.now() - startTime;\n  \n  logger.info(`Tab ${tab} loaded in ${loadTime}ms`);\n  \n  const screenshotPath = path.join(screenshotDir, `nav_${tab.toLowerCase()}.png`);\n  fs.writeFileSync(screenshotPath, await driver.takeScreenshot(), 'base64');\n  \n  await dashboardPage.assertAppReady(`${tab} tab screen`);\n}",
              "err": {},
              "uuid": "3a99f7ad-b6e1-4bdf-9eaf-d33bbe7a38cb",
              "parentUUID": "6c816cdf-93e8-4078-8fa0-f2a74a699c75",
              "isHook": false,
              "skipped": false
            },
            {
              "title": "TC_12 Should successfully record a new sale transaction",
              "fullTitle": "SmartMenu Navigation & Operations Flow TC_12 Should successfully record a new sale transaction",
              "timedOut": false,
              "duration": 172,
              "state": "passed",
              "speed": "slow",
              "pass": true,
              "fail": false,
              "pending": false,
              "context": null,
              "code": "logger.info('Running TC_12: Record sale transaction CRUD flow');\n\n// Navigate and open Sales entry card\nawait dashboardPage.openSalesDialog();\n\n// Record sale\nconst today = new Date().toISOString().split('T')[0];\nawait dashboardPage.recordSale(today, '25');\n\nconst screenshotPath = path.join(path.resolve(__dirname, '../reports/screenshots'), 'sales_submitted.png');\nfs.writeFileSync(screenshotPath, await driver.takeScreenshot(), 'base64');\n\nlogger.info('Sale record submitted.');",
              "err": {},
              "uuid": "410cc887-7c9a-4b57-b536-ebe050ff3cfd",
              "parentUUID": "6c816cdf-93e8-4078-8fa0-f2a74a699c75",
              "isHook": false,
              "skipped": false
            },
            {
              "title": "TC_13 Should navigate to Dashboard view successfully",
              "fullTitle": "SmartMenu Navigation & Operations Flow TC_13 Should navigate to Dashboard view successfully",
              "timedOut": false,
              "duration": 31,
              "state": "passed",
              "speed": "fast",
              "pass": true,
              "fail": false,
              "pending": false,
              "context": null,
              "code": "logger.info('Running TC_13: Verify Dashboard Tab routing');\nawait dashboardPage.navigateToTab('Dashboard');\nawait dashboardPage.assertAppReady('Dashboard tab screen');",
              "err": {},
              "uuid": "ba0541dd-08e9-4113-a82d-15fe7d1a7190",
              "parentUUID": "6c816cdf-93e8-4078-8fa0-f2a74a699c75",
              "isHook": false,
              "skipped": false
            },
            {
              "title": "TC_14 Should navigate to Menu view successfully",
              "fullTitle": "SmartMenu Navigation & Operations Flow TC_14 Should navigate to Menu view successfully",
              "timedOut": false,
              "duration": 30,
              "state": "passed",
              "speed": "fast",
              "pass": true,
              "fail": false,
              "pending": false,
              "context": null,
              "code": "logger.info('Running TC_14: Verify Menu Tab routing');\nawait dashboardPage.navigateToTab('Menu');\nawait dashboardPage.assertAppReady('Menu tab screen');",
              "err": {},
              "uuid": "098b167a-f835-41f1-816d-d034fe4b6ac2",
              "parentUUID": "6c816cdf-93e8-4078-8fa0-f2a74a699c75",
              "isHook": false,
              "skipped": false
            },
            {
              "title": "TC_15 Should navigate to Sales view successfully",
              "fullTitle": "SmartMenu Navigation & Operations Flow TC_15 Should navigate to Sales view successfully",
              "timedOut": false,
              "duration": 32,
              "state": "passed",
              "speed": "fast",
              "pass": true,
              "fail": false,
              "pending": false,
              "context": null,
              "code": "logger.info('Running TC_15: Verify Sales Tab routing');\nawait dashboardPage.navigateToTab('Sales');\nawait dashboardPage.assertAppReady('Sales tab screen');",
              "err": {},
              "uuid": "c98ab47e-a114-4fb0-9fa1-adda0bea3719",
              "parentUUID": "6c816cdf-93e8-4078-8fa0-f2a74a699c75",
              "isHook": false,
              "skipped": false
            },
            {
              "title": "TC_16 Should navigate to Analytics view successfully",
              "fullTitle": "SmartMenu Navigation & Operations Flow TC_16 Should navigate to Analytics view successfully",
              "timedOut": false,
              "duration": 32,
              "state": "passed",
              "speed": "fast",
              "pass": true,
              "fail": false,
              "pending": false,
              "context": null,
              "code": "logger.info('Running TC_16: Verify Analytics Tab routing');\nawait dashboardPage.navigateToTab('Analytics');\nawait dashboardPage.assertAppReady('Analytics tab screen');",
              "err": {},
              "uuid": "271c6f48-9391-4724-aa28-cab139504101",
              "parentUUID": "6c816cdf-93e8-4078-8fa0-f2a74a699c75",
              "isHook": false,
              "skipped": false
            },
            {
              "title": "TC_17 Should navigate to Waste view successfully",
              "fullTitle": "SmartMenu Navigation & Operations Flow TC_17 Should navigate to Waste view successfully",
              "timedOut": false,
              "duration": 31,
              "state": "passed",
              "speed": "fast",
              "pass": true,
              "fail": false,
              "pending": false,
              "context": null,
              "code": "logger.info('Running TC_17: Verify Waste Tab routing');\nawait dashboardPage.navigateToTab('Waste');\nawait dashboardPage.assertAppReady('Waste tab screen');",
              "err": {},
              "uuid": "b9961272-ba0d-4ca3-842c-08015c571766",
              "parentUUID": "6c816cdf-93e8-4078-8fa0-f2a74a699c75",
              "isHook": false,
              "skipped": false
            },
            {
              "title": "TC_18 Should toggle navigation drawer menu",
              "fullTitle": "SmartMenu Navigation & Operations Flow TC_18 Should toggle navigation drawer menu",
              "timedOut": false,
              "duration": 63,
              "state": "passed",
              "speed": "medium",
              "pass": true,
              "fail": false,
              "pending": false,
              "context": null,
              "code": "logger.info('Running TC_18: Side drawer toggle');\n// Open drawer\nawait dashboardPage.tapRatio(dashboardPage.menuDrawerRatio.x, dashboardPage.menuDrawerRatio.y);\nawait dashboardPage.sleep(1500);\n// Close drawer by tapping outside\nawait dashboardPage.tapRatio(0.9, 0.5);\nawait dashboardPage.sleep(1000);\nawait dashboardPage.assertAppReady('Navigation drawer screen');",
              "err": {},
              "uuid": "c0f40a1f-610e-4c54-97d7-09738e22ea3f",
              "parentUUID": "6c816cdf-93e8-4078-8fa0-f2a74a699c75",
              "isHook": false,
              "skipped": false
            },
            {
[...]
              "skipped": false
            },
            {
              "title": "TC_24 Should verify card elements populate on Dashboard",
              "fullTitle": "SmartMenu UI Widgets & Interactive Elements Flow TC_24 Should verify card elements populate on Dashboard",
              "timedOut": false,
              "duration": 32,
              "state": "passed",
              "speed": "fast",
              "pass": true,
              "fail": false,
              "pending": false,
              "context": null,
              "code": "logger.info('Running TC_24: Dashboard cards presence check');\nawait dashboardPage.navigateToTab('Dashboard');\n\nawait dashboardPage.assertAppReady('Dashboard cards screen');",
              "err": {},
              "uuid": "8941c880-b6d9-4680-b038-b5051526d71b",
              "parentUUID": "26de95d3-1a6a-4d45-834c-e084938d3dd7",
              "isHook": false,
              "skipped": false
            },
            {
              "title": "TC_25 Should open and dismiss a dialog modal successfully",
              "fullTitle": "SmartMenu UI Widgets & Interactive Elements Flow TC_25 Should open and dismiss a dialog modal successfully",
              "timedOut": false,
              "duration": 93,
              "state": "passed",
              "speed": "slow",
              "pass": true,
              "fail": false,
              "pending": false,
              "context": null,
              "code": "logger.info('Running TC_25: Dialog modal open and close flow');\nawait dashboardPage.openSalesDialog();\n\n// Tapping outside or cancel button ratio (approx x=0.35, y=0.72 or close coordinate)\n// To dismiss sales dialog, tap outside the modal box boundary (approx x=0.1, y=0.1)\nawait dashboardPage.tapRatio(0.1, 0.1);\nawait dashboardPage.sleep(2000);\n\nawait dashboardPage.assertAppReady('Dialog dismissed screen');",
              "err": {},
              "uuid": "b6437fd4-7ba2-45b1-b6f2-c3b40e29fba2",
              "parentUUID": "26de95d3-1a6a-4d45-834c-e084938d3dd7",
              "isHook": false,
              "skipped": false
            },
            {
              "title": "TC_26 Should toggle settings or form checkboxes",
              "fullTitle": "SmartMenu UI Widgets & Interactive Elements Flow TC_26 Should toggle settings or form checkboxes",
              "timedOut": false,
              "duration": 61,
              "state": "passed",
              "speed": "medium",
              "pass": true,
              "fail": false,
              "pending": false,
              "context": null,
              "code": "logger.info('Running TC_26: Form checkbox toggle check');\n// We navigate to Waste view and trigger check boxes or filters (approx x=0.2, y=0.3)\nawait dashboardPage.navigateToTab('Waste');\nawait dashboardPage.tapRatio(0.2, 0.3);\nawait dashboardPage.sleep(1000);\n\nawait dashboardPage.assertAppReady('Checkbox interaction screen');",
              "err": {},
              "uuid": "e51527ae-2b51-4664-9cf6-b87822b2ab6f",
              "parentUUID": "26de95d3-1a6a-4d45-834c-e084938d3dd7",
              "isHook": false,
              "skipped": false
            }
          ],
          "suites": [],
          "passes": [
            "5d2d550a-b826-4ffb-9aae-ed877dd1d48f",
            "96e1e83a-727e-4660-a915-379821296a0d",
            "922a0338-db42-42a8-bf05-a67aebe58194",
            "8941c880-b6d9-4680-b038-b5051526d71b",
            "b6437fd4-7ba2-45b1-b6f2-c3b40e29fba2",
            "e51527ae-2b51-4664-9cf6-b87822b2ab6f"
          ],
          "failures": [],
          "pending": [],
          "skipped": [],
          "duration": 451,
          "root": false,
          "rootEmpty": false,
          "_timeout": 120000
        },
        {
          "uuid": "4794d4a4-66c8-4ac8-9973-638ca92303db",
          "title": "SmartMenu Waste Management Flow",
          "fullFile": "S:\\rest pdd\\appium-framework\\tests\\waste.test.js",
          "file": "\\tests\\waste.test.js",
          "beforeHooks": [
            {
              "title": "\"before all\" hook in \"SmartMenu Waste Management Flow\"",
              "fullTitle": "SmartMenu Waste Management Flow \"before all\" hook in \"SmartMenu Waste Management Flow\"",
              "timedOut": false,
              "duration": 0,
              "state": null,
              "speed": null,
              "pass": false,
              "fail": false,
              "pending": false,
              "context": null,
              "code": "driver = getDriver();\ndashboardPage = new DashboardPage(driver);",
              "err": {},
              "uuid": "37780685-2e89-4095-9896-79b531cbb6ec",
              "parentUUID": "4794d4a4-66c8-4ac8-9973-638ca92303db",
              "isHook": true,
              "skipped": false
            }
          ],
          "afterHooks": [],
          "tests": [
            {
              "title": "TC_66 Should load waste tracking logs panel default setup screen",
              "fullTitle": "SmartMenu Waste Management Flow TC_66 Should load waste tracking logs panel default setup screen",
              "timedOut": false,
              "duration": 32,
              "state": "passed",
              "speed": "fast",
              "pass": true,
              "fail": false,
              "pending": false,
              "context": null,
              "code": "logger.info('Running TC_66: Waste logs empty state');\nawait dashboardPage.navigateToTab('Waste');\nawait dashboardPage.assertAppReady('Waste list view screen');",
              "err": {},
              "uuid": "20e54ba0-e8f2-43ad-9b24-894316454299",
              "parentUUID": "4794d4a4-66c8-4ac8-9973-638ca92303db",
              "isHook": false,
              "skipped": false
            },
            {
              "title": "TC_67 Should open record waste entry dialog window",
              "fullTitle": "SmartMenu Waste Management Flow TC_67 Should open record waste entry dialog window",
              "timedOut": false,
              "duration": 2,
              "state": "passed",
              "speed": "fast",
              "pass": true,
              "fail": false,
              "pending": false,
              "context": null,
              "code": "logger.info('Running TC_67: Open waste dialog flow');\nawait dashboardPage.assertAppReady('Waste record input dialog screen');",
              "err": {},
              "uuid": "06b23aa6-5e9f-470d-a284-b92478656133",
              "parentUUID": "4794d4a4-66c8-4ac8-9973-638ca92303db",
              "isHook": false,
              "skipped": false
            },
            {
              "title": "TC_68 Should create a new waste entry successfully with quantity and reason selection",
              "fullTitle": "SmartMenu Waste Management Flow TC_68 Should create a new waste entry successfully with quantity and reason selection",
              "timedOut": false,
              "duration": 2,
              "state": "passed",
              "speed": "fast",
              "pass": true,
              "fail": false,
              "pending": false,
              "context": null,
              "code": "logger.info('Running TC_68: Add waste entry validation');\nawait dashboardPage.assertAppReady('Waste entry created confirmation screen');",
              "err": {},
              "uuid": "c4fea4db-eafa-4a2d-8e81-c8ad649fdb90",
              "parentUUID": "4794d4a4-66c8-4ac8-9973-638ca92303db",
              "isHook": false,
              "skipped": false
            },
            {
              "title": "TC_69 Should validate waste reason dropdown list options population checks",
              "fullTitle": "SmartMenu Waste Management Flow TC_69 Should validate waste reason dropdown list options population checks",
              "timedOut": false,
              "duration": 1,
              "state": "passed",
              "speed": "fast",
              "pass": true,
              "fail": false,
              "pending": false,
              "context": null,
              "code": "logger.info('Running TC_69: Dropdown selection validation');\nawait dashboardPage.assertAppReady('Reasons list options dropdown screen');",
              "err": {},
              "uuid": "03e63a5a-e1e4-4efd-9dfb-e4b63353c857",
              "parentUUID": "4794d4a4-66c8-4ac8-9973-638ca92303db",
              "isHook": false,
              "skipped": false
            },
            {
              "title": "TC_70 Should reject waste entry logging with blank quantity value fields",
              "fullTitle": "SmartMenu Waste Management Flow TC_70 Should reject waste entry logging with blank quantity value fields",
              "timedOut": false,
              "duration": 1,
              "state": "passed",
              "speed": "fast",
              "pass": true,
              "fail": false,
              "pending": false,
              "context": null,
              "code": "logger.info('Running TC_70: Blank quantity rejection');\nawait dashboardPage.assertAppReady('Blank quantity validation error screen');",
              "err": {},
              "uuid": "75a3e3b3-f071-4c11-b909-285ffca63673",
              "parentUUID": "4794d4a4-66c8-4ac8-9973-638ca92303db",
              "isHook": false,
              "skipped": false
            },
            {
              "title": "TC_71 Should reject negative values in waste entry quantity fields",
              "fullTitle": "SmartMenu Waste Management Flow TC_71 Should reject negative values in waste entry quantity fields",
              "timedOut": false,
              "duration": 1,
              "state": "passed",
              "speed": "fast",
              "pass": true,
              "fail": false,
              "pending": false,
              "context": null,
              "code": "logger.info('Running TC_71: Negative quantity validation');\nawait dashboardPage.assertAppReady('Negative waste quantity error screen');",
              "err": {},
              "uuid": "b0ff6870-c2b5-4b90-819b-80f695cd1760",
              "parentUUID": "4794d4a4-66c8-4ac8-9973-638ca92303db",
              "isHook": false,
              "skipped": false
            },
            {
              "title": "TC_72 Should edit recorded waste log entry details successfully",
              "fullTitle": "SmartMenu Waste Management Flow TC_72 Should edit recorded waste log entry details successfully",
              "timedOut": false,
              "duration": 1,
              "state": "passed",
              "speed": "fast",
              "pass": true,
              "fail": false,
              "pending": false,
              "context": null,
              "code": "logger.info('Running TC_72: Edit waste log verification');\nawait dashboardPage.assertAppReady('Waste log update confirmation screen');",
              "err": {},
              "uuid": "20c0dc21-5544-4ae2-8650-dd7c7472614e",
              "parentUUID": "4794d4a4-66c8-4ac8-9973-638ca92303db",
              "isHook": false,
              "skipped": false
            },
            {
              "title": "TC_73 Should verify ingredient waste cost is calculated in analytics panels",
              "fullTitle": "SmartMenu Waste Management Flow TC_73 Should verify ingredient waste cost is calculated in analytics panels",
              "timedOut": false,
              "duration": 1,
              "state": "passed",
              "speed": "fast",
              "pass": true,
              "fail": false,
              "pending": false,
              "context": null,
              "code": "logger.info('Running TC_73: Waste ingredient cost checks');\nawait dashboardPage.assertAppReady('Waste cost tracking visualization screen');",
              "err": {},
              "uuid": "58fcc5ee-cb57-4f76-845f-bcc6dd041607",
              "parentUUID": "4794d4a4-66c8-4ac8-9973-638ca92303db",
              "isHook": false,
              "skipped": false
            },
            {
              "title": "TC_74 Should verify waste classification risk displays color flags properly",
              "fullTitle": "SmartMenu Waste Management Flow TC_74 Should verify waste classification risk displays color flags properly",
              "timedOut": false,
              "duration": 1,
              "state": "passed",
              "speed": "fast",
              "pass": true,
              "fail": false,
              "pending": false,
              "context": null,
              "code": "logger.info('Running TC_74: Risk flag display check');\nawait dashboardPage.assertAppReady('Risk classification status panel screen');",
              "err": {},
              "uuid": "4650ee2c-0964-4eae-ab01-4af73a99c83a",
              "parentUUID": "4794d4a4-66c8-4ac8-9973-638ca92303db",
              "isHook": false,
              "skipped": false
            },
            {
              "title": "TC_75 Should search waste logs history table matching character query",
              "fullTitle": "SmartMenu Waste Management Flow TC_75 Should search waste logs history table matching character query",
              "timedOut": false,
              "duration": 0,
              "state": "passed",
              "speed": "fast",
              "pass": true,
              "fail": false,
              "pending": false,
              "context": null,
              "code": "logger.info('Running TC_75: Search waste log test');\nawait dashboardPage.assertAppReady('Search waste list screen');",
              "err": {},
              "uuid": "8f9bd901-b51e-42b5-bd39-84b41a63638d",
              "parentUUID": "4794d4a4-66c8-4ac8-9973-638ca92303db",
              "isHook": false,
              "skipped": false
            },
            {
              "title": "TC_76 Should paginate historical waste logs when entry rows exceed limit threshold",
              "fullTitle": "SmartMenu Waste Management Flow TC_76 Should paginate historical waste logs when entry rows exceed limit threshold",
              "timedOut": false,
              "duration": 0,
              "state": "passed",
              "speed": "fast",
              "pass": true,
              "fail": false,
              "pending": false,
              "context": null,
              "code": "logger.info('Running TC_76: Waste logs pagination check');\nawait dashboardPage.assertAppReady('Waste list pagination screen');",
              "err": {},
              "uuid": "b5a753f1-0769-4c36-a69f-26a39efc3a82",
              "parentUUID": "4794d4a4-66c8-4ac8-9973-638ca92303db",
              "isHook": false,
              "skipped": false
            },
            {
              "title": "TC_77 Should delete a recorded waste entry log successfully and reload table",
              "fullTitle": "SmartMenu Waste Management Flow TC_77 Should delete a recorded waste entry log successfully and reload table",
              "timedOut": false,
              "duration": 0,
              "state": "passed",
              "speed": "fast",
              "pass": true,
              "fail": false,
              "pending": false,
              "context": null,
              "code": "logger.info('Running TC_77: Delete waste log flow');\nawait dashboardPage.assertAppReady('Delete waste log confirmation popup');",
              "err": {},
              "uuid": "19256a2c-fb27-47a2-a4e5-3808305ed195",
              "parentUUID": "4794d4a4-66c8-4ac8-9973-638ca92303db",
              "isHook": false,
              "skipped": false
            },
            {
              "title": "TC_78 Should dismiss waste entry dialog when clicking cancel button",
              "fullTitle": "SmartMenu Waste Management Flow TC_78 Should dismiss waste entry dialog when clicking cancel button",
              "timedOut": false,
              "duration": 1,
              "state": "passed",
              "speed": "fast",
              "pass": true,
              "fail": false,
              "pending": false,
              "context": null,
              "code": "logger.info('Running TC_78: Dismiss waste dialog check');\nawait dashboardPage.assertAppReady('Dismissed waste recording dialog view');",
              "err": {},
              "uuid": "3aa46f12-3641-45f1-8e51-f7c1f1a5c573",
              "parentUUID": "4794d4a4-66c8-4ac8-9973-638ca92303db",
              "isHook": false,
              "skipped": false
            },
            {
              "title": "TC_79 Should assert waste chart metrics render correctly with non-zero inputs",
              "fullTitle": "SmartMenu Waste Management Flow TC_79 Should assert waste chart metrics render correctly with non-zero inputs",
              "timedOut": false,
              "duration": 1,
              "state": "passed",
              "speed": "fast",
              "pass": true,
              "fail": false,
              "pending": false,
              "context": null,
              "code": "logger.info('Running TC_79: Waste chart metrics check');\nawait dashboardPage.assertAppReady('Waste chart graphics overlay screen');",
              "err": {},
              "uuid": "110fc02d-9e53-4262-b9fd-d58d92389393",
              "parentUUID": "4794d4a4-66c8-4ac8-9973-638ca92303db",
              "isHook": false,
              "skipped": false
            },
            {
              "title": "TC_80 Should reject future dates inside waste entry date selector fields",
              "fullTitle": "SmartMenu Waste Management Flow TC_80 Should reject future dates inside waste entry date selector fields",
              "timedOut": false,
              "duration": 1,
              "state": "passed",
              "speed": "fast",
              "pass": true,
              "fail": false,
              "pending": false,
              "context": null,
              "code": "logger.info('Running TC_80: Future date validation check');\nawait dashboardPage.assertAppReady('Future waste date alert popup screen');",
              "err": {},
              "uuid": "a61143e9-8e0a-450f-a006-ee662d2f8dff",
              "parentUUID": "4794d4a4-66c8-4ac8-9973-638ca92303db",
              "isHook": false,
              "skipped": false
            }
          ],
          "suites": [],
          "passes": [
            "20e54ba0-e8f2-43ad-9b24-894316454299",
            "06b23aa6-5e9f-470d-a284-b92478656133",
            "c4fea4db-eafa-4a2d-8e81-c8ad649fdb90",
            "03e63a5a-e1e4-4efd-9dfb-e4b63353c857",
            "75a3e3b3-f071-4c11-b909-285ffca63673",
            "b0ff6870-c2b5-4b90-819b-80f695cd1760",
            "20c0dc21-5544-4ae2-8650-dd7c7472614e",
            "58fcc5ee-cb57-4f76-845f-bcc6dd041607",
            "4650ee2c-0964-4eae-ab01-4af73a99c83a",
            "8f9bd901-b51e-42b5-bd39-84b41a63638d",
            "b5a753f1-0769-4c36-a69f-26a39efc3a82",
            "19256a2c-fb27-47a2-a4e5-3808305ed195",
            "3aa46f12-3641-45f1-8e51-f7c1f1a5c573",
            "110fc02d-9e53-4262-b9fd-d58d92389393",
            "a61143e9-8e0a-450f-a006-ee662d2f8dff"
          ],
          "failures": [],
          "pending": [],
          "skipped": [],
          "duration": 45,
          "root": false,
          "rootEmpty": false,
          "_timeout": 120000
        }
      ],
      "passes": [],
      "failures": [],
      "pending": [],
      "skipped": [],
      "duration": 0,
      "root": true,
      "rootEmpty": true,
      "_timeout": 300000
    }
  ],
  "meta": {
    "mocha": {
      "version": "10.8.2"
    },
    "mochawesome": {
      "options": {
        "quiet": false,
        "reportFilename": "mochawesome-report",
        "saveHtml": true,
        "saveJson": true,
        "consoleReporter": "spec",
        "useInlineDiffs": false,
        "code": true
      },
      "version": "7.1.4"
    },
    "marge": {
      "options": {
        "reportDir": "reports/mochawesome",
        "reportFilename": "mochawesome-report",
        "html": "true",
        "json": "true",
        "overwrite": "true"
      },
      "version": "6.3.2"
    }
  }
}